2016-10-03 14:20:35,964 [Dummy-1:3648] [django.db.backends:90] [DEBUG]- (0.001) 
            SELECT name, type FROM sqlite_master
            WHERE type in ('table', 'view') AND NOT name='sqlite_sequence'
            ORDER BY name; args=None
2016-10-03 14:20:35,968 [Dummy-1:3648] [django.db.backends:90] [DEBUG]- (0.001) SELECT "django_migrations"."app", "django_migrations"."name" FROM "django_migrations"; args=()
2016-10-03 14:20:36,071 [Thread-2:2512] [Blog.views:10] [ERROR]- [Errno 2] No such file or directory: 'sss.txt'
2016-10-03 14:20:36,090 [Thread-2:2512] [django.server:131] [INFO]- "GET / HTTP/1.1" 200 11042
2016-10-03 14:32:54,029 [Dummy-1:4416] [django.db.backends:90] [DEBUG]- (0.001) 
            SELECT name, type FROM sqlite_master
            WHERE type in ('table', 'view') AND NOT name='sqlite_sequence'
            ORDER BY name; args=None
2016-10-03 14:32:54,036 [Dummy-1:4416] [django.db.backends:90] [DEBUG]- (0.001) SELECT "django_migrations"."app", "django_migrations"."name" FROM "django_migrations"; args=()
2016-10-03 14:32:54,365 [Thread-2:12744] [Blog.views:15] [ERROR]- [Errno 2] No such file or directory: 'sss.txt'
2016-10-03 14:32:55,330 [Thread-2:12744] [django.server:131] [ERROR]- "GET / HTTP/1.1" 500 143075
2016-10-03 14:33:13,445 [Thread-8:13460] [Blog.views:15] [ERROR]- [Errno 2] No such file or directory: 'sss.txt'
2016-10-03 14:33:13,981 [Thread-8:13460] [django.server:131] [ERROR]- "GET / HTTP/1.1" 500 109610
2016-10-03 14:33:14,792 [Thread-9:13464] [Blog.views:15] [ERROR]- [Errno 2] No such file or directory: 'sss.txt'
2016-10-03 14:33:14,969 [Thread-9:13464] [django.server:131] [ERROR]- "GET / HTTP/1.1" 500 109611
2016-10-03 14:33:49,012 [Dummy-1:13928] [django.db.backends:90] [DEBUG]- (0.001) 
            SELECT name, type FROM sqlite_master
            WHERE type in ('table', 'view') AND NOT name='sqlite_sequence'
            ORDER BY name; args=None
2016-10-03 14:33:49,021 [Dummy-1:13928] [django.db.backends:90] [DEBUG]- (0.001) SELECT "django_migrations"."app", "django_migrations"."name" FROM "django_migrations"; args=()
2016-10-03 14:33:49,180 [Thread-2:13932] [Blog.views:15] [ERROR]- [Errno 2] No such file or directory: 'sss.txt'
2016-10-03 14:33:49,335 [Thread-2:13932] [django.server:131] [ERROR]- "GET / HTTP/1.1" 500 91728
2016-10-03 14:33:50,029 [Thread-3:13936] [Blog.views:15] [ERROR]- [Errno 2] No such file or directory: 'sss.txt'
2016-10-03 14:33:50,161 [Thread-3:13936] [django.server:131] [ERROR]- "GET / HTTP/1.1" 500 92269
2016-10-03 14:36:57,085 [Dummy-1:9944] [django.db.backends:90] [DEBUG]- (0.001) 
            SELECT name, type FROM sqlite_master
            WHERE type in ('table', 'view') AND NOT name='sqlite_sequence'
            ORDER BY name; args=None
2016-10-03 14:36:57,089 [Dummy-1:9944] [django.db.backends:90] [DEBUG]- (0.000) SELECT "django_migrations"."app", "django_migrations"."name" FROM "django_migrations"; args=()
2016-10-03 14:36:59,880 [Thread-2:11692] [Blog.views:15] [ERROR]- [Errno 2] No such file or directory: 'sss.txt'
2016-10-03 14:37:00,061 [Thread-2:11692] [django.server:131] [ERROR]- "GET / HTTP/1.1" 500 92270
2016-10-03 14:40:41,830 [Dummy-1:12776] [django.db.backends:90] [DEBUG]- (0.001) 
            SELECT name, type FROM sqlite_master
            WHERE type in ('table', 'view') AND NOT name='sqlite_sequence'
            ORDER BY name; args=None
2016-10-03 14:40:41,836 [Dummy-1:12776] [django.db.backends:90] [DEBUG]- (0.000) SELECT "django_migrations"."app", "django_migrations"."name" FROM "django_migrations"; args=()
2016-10-03 14:40:44,512 [Thread-2:1476] [Blog.views:15] [ERROR]- [Errno 2] No such file or directory: 'sss.txt'
2016-10-03 14:40:44,526 [Thread-2:1476] [django.server:131] [INFO]- "GET / HTTP/1.1" 200 11044
2016-10-05 01:21:18,459 [MainThread:9504] [django.db.backends:90] [DEBUG]- (0.064) 
            SELECT name, type FROM sqlite_master
            WHERE type in ('table', 'view') AND NOT name='sqlite_sequence'
            ORDER BY name; args=None
2016-10-05 01:21:18,494 [MainThread:9504] [django.db.backends:90] [DEBUG]- (0.000) SELECT "django_migrations"."app", "django_migrations"."name" FROM "django_migrations"; args=()
2016-10-05 01:22:27,266 [MainThread:9880] [django.db.backends:90] [DEBUG]- (0.002) 
            SELECT name, type FROM sqlite_master
            WHERE type in ('table', 'view') AND NOT name='sqlite_sequence'
            ORDER BY name; args=None
2016-10-05 01:22:27,273 [MainThread:9880] [django.db.backends:90] [DEBUG]- (0.001) SELECT "django_migrations"."app", "django_migrations"."name" FROM "django_migrations"; args=()
2016-10-05 01:22:27,274 [MainThread:9880] [django.db.backends:90] [DEBUG]- (0.000) 
            SELECT name, type FROM sqlite_master
            WHERE type in ('table', 'view') AND NOT name='sqlite_sequence'
            ORDER BY name; args=None
2016-10-05 01:22:27,278 [MainThread:9880] [django.db.backends:90] [DEBUG]- (0.000) SELECT "django_migrations"."app", "django_migrations"."name" FROM "django_migrations"; args=()
2016-10-05 01:22:27,285 [MainThread:9880] [django.db.backends:90] [DEBUG]- (0.000) PRAGMA foreign_keys; args=None
2016-10-05 01:22:27,286 [MainThread:9880] [django.db.backends:90] [DEBUG]- (0.000) PRAGMA foreign_keys = 0; args=None
2016-10-05 01:22:27,287 [MainThread:9880] [django.db.backends:90] [DEBUG]- (0.000) BEGIN; args=None
2016-10-05 01:22:27,292 [MainThread:9880] [django.db.backends.schema:103] [DEBUG]- CREATE TABLE "django_content_type" ("id" integer NOT NULL PRIMARY KEY AUTOINCREMENT, "name" varchar(100) NOT NULL, "app_label" varchar(100) NOT NULL, "model" varchar(100) NOT NULL); (params None)
2016-10-05 01:22:27,295 [MainThread:9880] [django.db.backends:90] [DEBUG]- (0.002) CREATE TABLE "django_content_type" ("id" integer NOT NULL PRIMARY KEY AUTOINCREMENT, "name" varchar(100) NOT NULL, "app_label" varchar(100) NOT NULL, "model" varchar(100) NOT NULL); args=None
2016-10-05 01:22:27,306 [MainThread:9880] [django.db.backends.schema:103] [DEBUG]- ALTER TABLE "django_content_type" RENAME TO "django_content_type__old"; (params [])
2016-10-05 01:22:27,307 [MainThread:9880] [django.db.backends:90] [DEBUG]- (0.000) ALTER TABLE "django_content_type" RENAME TO "django_content_type__old"; args=[]
2016-10-05 01:22:27,310 [MainThread:9880] [django.db.backends.schema:103] [DEBUG]- CREATE TABLE "django_content_type" ("id" integer NOT NULL PRIMARY KEY AUTOINCREMENT, "name" varchar(100) NOT NULL, "app_label" varchar(100) NOT NULL, "model" varchar(100) NOT NULL); (params None)
2016-10-05 01:22:27,311 [MainThread:9880] [django.db.backends:90] [DEBUG]- (0.000) CREATE TABLE "django_content_type" ("id" integer NOT NULL PRIMARY KEY AUTOINCREMENT, "name" varchar(100) NOT NULL, "app_label" varchar(100) NOT NULL, "model" varchar(100) NOT NULL); args=None
2016-10-05 01:22:27,313 [MainThread:9880] [django.db.backends.schema:103] [DEBUG]- INSERT INTO "django_content_type" ("model", "id", "app_label", "name") SELECT "model", "id", "app_label", "name" FROM "django_content_type__old"; (params [])
2016-10-05 01:22:27,315 [MainThread:9880] [django.db.backends:90] [DEBUG]- (0.000) INSERT INTO "django_content_type" ("model", "id", "app_label", "name") SELECT "model", "id", "app_label", "name" FROM "django_content_type__old"; args=[]
2016-10-05 01:22:27,316 [MainThread:9880] [django.db.backends.schema:103] [DEBUG]- DROP TABLE "django_content_type__old"; (params [])
2016-10-05 01:22:27,318 [MainThread:9880] [django.db.backends:90] [DEBUG]- (0.002) DROP TABLE "django_content_type__old"; args=[]
2016-10-05 01:22:27,319 [MainThread:9880] [django.db.backends.schema:103] [DEBUG]- CREATE UNIQUE INDEX "django_content_type_app_label_76bd3d3b_uniq" ON "django_content_type" ("app_label", "model"); (params [])
2016-10-05 01:22:27,320 [MainThread:9880] [django.db.backends:90] [DEBUG]- (0.000) CREATE UNIQUE INDEX "django_content_type_app_label_76bd3d3b_uniq" ON "django_content_type" ("app_label", "model"); args=[]
2016-10-05 01:22:27,401 [MainThread:9880] [django.db.backends:90] [DEBUG]- (0.000) PRAGMA foreign_keys = 0; args=None
2016-10-05 01:22:27,402 [MainThread:9880] [django.db.backends:90] [DEBUG]- (0.001) 
            SELECT name, type FROM sqlite_master
            WHERE type in ('table', 'view') AND NOT name='sqlite_sequence'
            ORDER BY name; args=None
2016-10-05 01:22:27,405 [MainThread:9880] [django.db.backends:90] [DEBUG]- (0.000) BEGIN; args=None
2016-10-05 01:22:27,407 [MainThread:9880] [django.db.backends:90] [DEBUG]- (0.002) INSERT INTO "django_migrations" ("app", "name", "applied") VALUES ('contenttypes', '0001_initial', '2016-10-04 17:22:27.405305'); args=['contenttypes', '0001_initial', '2016-10-04 17:22:27.405305']
2016-10-05 01:22:27,473 [MainThread:9880] [django.db.backends:90] [DEBUG]- (0.000) PRAGMA foreign_keys; args=None
2016-10-05 01:22:27,473 [MainThread:9880] [django.db.backends:90] [DEBUG]- (0.000) PRAGMA foreign_keys = 0; args=None
2016-10-05 01:22:27,474 [MainThread:9880] [django.db.backends:90] [DEBUG]- (0.000) BEGIN; args=None
2016-10-05 01:22:27,482 [MainThread:9880] [django.db.backends.schema:103] [DEBUG]- ALTER TABLE "django_content_type" RENAME TO "django_content_type__old"; (params [])
2016-10-05 01:22:27,484 [MainThread:9880] [django.db.backends:90] [DEBUG]- (0.001) ALTER TABLE "django_content_type" RENAME TO "django_content_type__old"; args=[]
2016-10-05 01:22:27,485 [MainThread:9880] [django.db.backends.schema:103] [DEBUG]- CREATE TABLE "django_content_type" ("id" integer NOT NULL PRIMARY KEY AUTOINCREMENT, "app_label" varchar(100) NOT NULL, "model" varchar(100) NOT NULL, "name" varchar(100) NULL); (params None)
2016-10-05 01:22:27,487 [MainThread:9880] [django.db.backends:90] [DEBUG]- (0.000) CREATE TABLE "django_content_type" ("id" integer NOT NULL PRIMARY KEY AUTOINCREMENT, "app_label" varchar(100) NOT NULL, "model" varchar(100) NOT NULL, "name" varchar(100) NULL); args=None
2016-10-05 01:22:27,488 [MainThread:9880] [django.db.backends.schema:103] [DEBUG]- INSERT INTO "django_content_type" ("model", "id", "app_label", "name") SELECT "model", "id", "app_label", "name" FROM "django_content_type__old"; (params [])
2016-10-05 01:22:27,490 [MainThread:9880] [django.db.backends:90] [DEBUG]- (0.002) INSERT INTO "django_content_type" ("model", "id", "app_label", "name") SELECT "model", "id", "app_label", "name" FROM "django_content_type__old"; args=[]
2016-10-05 01:22:27,491 [MainThread:9880] [django.db.backends.schema:103] [DEBUG]- DROP TABLE "django_content_type__old"; (params [])
2016-10-05 01:22:27,494 [MainThread:9880] [django.db.backends:90] [DEBUG]- (0.000) DROP TABLE "django_content_type__old"; args=[]
2016-10-05 01:22:27,496 [MainThread:9880] [django.db.backends.schema:103] [DEBUG]- CREATE UNIQUE INDEX "django_content_type_app_label_76bd3d3b_uniq" ON "django_content_type" ("app_label", "model"); (params [])
2016-10-05 01:22:27,503 [MainThread:9880] [django.db.backends:90] [DEBUG]- (0.001) CREATE UNIQUE INDEX "django_content_type_app_label_76bd3d3b_uniq" ON "django_content_type" ("app_label", "model"); args=[]
2016-10-05 01:22:27,508 [MainThread:9880] [django.db.backends.schema:103] [DEBUG]- ALTER TABLE "django_content_type" RENAME TO "django_content_type__old"; (params [])
2016-10-05 01:22:27,510 [MainThread:9880] [django.db.backends:90] [DEBUG]- (0.001) ALTER TABLE "django_content_type" RENAME TO "django_content_type__old"; args=[]
2016-10-05 01:22:27,512 [MainThread:9880] [django.db.backends.schema:103] [DEBUG]- CREATE TABLE "django_content_type" ("id" integer NOT NULL PRIMARY KEY AUTOINCREMENT, "app_label" varchar(100) NOT NULL, "model" varchar(100) NOT NULL); (params None)
2016-10-05 01:22:27,513 [MainThread:9880] [django.db.backends:90] [DEBUG]- (0.000) CREATE TABLE "django_content_type" ("id" integer NOT NULL PRIMARY KEY AUTOINCREMENT, "app_label" varchar(100) NOT NULL, "model" varchar(100) NOT NULL); args=None
2016-10-05 01:22:27,514 [MainThread:9880] [django.db.backends.schema:103] [DEBUG]- INSERT INTO "django_content_type" ("model", "id", "app_label") SELECT "model", "id", "app_label" FROM "django_content_type__old"; (params [])
2016-10-05 01:22:27,515 [MainThread:9880] [django.db.backends:90] [DEBUG]- (0.001) INSERT INTO "django_content_type" ("model", "id", "app_label") SELECT "model", "id", "app_label" FROM "django_content_type__old"; args=[]
2016-10-05 01:22:27,517 [MainThread:9880] [django.db.backends.schema:103] [DEBUG]- DROP TABLE "django_content_type__old"; (params [])
2016-10-05 01:22:27,518 [MainThread:9880] [django.db.backends:90] [DEBUG]- (0.001) DROP TABLE "django_content_type__old"; args=[]
2016-10-05 01:22:27,518 [MainThread:9880] [django.db.backends.schema:103] [DEBUG]- CREATE UNIQUE INDEX "django_content_type_app_label_76bd3d3b_uniq" ON "django_content_type" ("app_label", "model"); (params [])
2016-10-05 01:22:27,519 [MainThread:9880] [django.db.backends:90] [DEBUG]- (0.001) CREATE UNIQUE INDEX "django_content_type_app_label_76bd3d3b_uniq" ON "django_content_type" ("app_label", "model"); args=[]
2016-10-05 01:22:27,591 [MainThread:9880] [django.db.backends:90] [DEBUG]- (0.000) PRAGMA foreign_keys = 0; args=None
2016-10-05 01:22:27,593 [MainThread:9880] [django.db.backends:90] [DEBUG]- (0.000) 
            SELECT name, type FROM sqlite_master
            WHERE type in ('table', 'view') AND NOT name='sqlite_sequence'
            ORDER BY name; args=None
2016-10-05 01:22:27,603 [MainThread:9880] [django.db.backends:90] [DEBUG]- (0.000) BEGIN; args=None
2016-10-05 01:22:27,607 [MainThread:9880] [django.db.backends:90] [DEBUG]- (0.002) INSERT INTO "django_migrations" ("app", "name", "applied") VALUES ('contenttypes', '0002_remove_content_type_name', '2016-10-04 17:22:27.603502'); args=['contenttypes', '0002_remove_content_type_name', '2016-10-04 17:22:27.603502']
2016-10-05 01:22:27,714 [MainThread:9880] [django.db.backends:90] [DEBUG]- (0.000) PRAGMA foreign_keys; args=None
2016-10-05 01:22:27,715 [MainThread:9880] [django.db.backends:90] [DEBUG]- (0.000) PRAGMA foreign_keys = 0; args=None
2016-10-05 01:22:27,716 [MainThread:9880] [django.db.backends:90] [DEBUG]- (0.000) BEGIN; args=None
2016-10-05 01:22:27,720 [MainThread:9880] [django.db.backends.schema:103] [DEBUG]- CREATE TABLE "auth_permission" ("id" integer NOT NULL PRIMARY KEY AUTOINCREMENT, "name" varchar(50) NOT NULL, "content_type_id" integer NOT NULL REFERENCES "django_content_type" ("id"), "codename" varchar(100) NOT NULL); (params None)
2016-10-05 01:22:27,722 [MainThread:9880] [django.db.backends:90] [DEBUG]- (0.001) CREATE TABLE "auth_permission" ("id" integer NOT NULL PRIMARY KEY AUTOINCREMENT, "name" varchar(50) NOT NULL, "content_type_id" integer NOT NULL REFERENCES "django_content_type" ("id"), "codename" varchar(100) NOT NULL); args=None
2016-10-05 01:22:27,738 [MainThread:9880] [django.db.backends.schema:103] [DEBUG]- CREATE TABLE "auth_group" ("id" integer NOT NULL PRIMARY KEY AUTOINCREMENT, "name" varchar(80) NOT NULL UNIQUE); (params None)
2016-10-05 01:22:27,739 [MainThread:9880] [django.db.backends:90] [DEBUG]- (0.000) CREATE TABLE "auth_group" ("id" integer NOT NULL PRIMARY KEY AUTOINCREMENT, "name" varchar(80) NOT NULL UNIQUE); args=None
2016-10-05 01:22:27,741 [MainThread:9880] [django.db.backends.schema:103] [DEBUG]- CREATE TABLE "auth_group_permissions" ("id" integer NOT NULL PRIMARY KEY AUTOINCREMENT, "group_id" integer NOT NULL REFERENCES "auth_group" ("id"), "permission_id" integer NOT NULL REFERENCES "auth_permission" ("id")); (params None)
2016-10-05 01:22:27,742 [MainThread:9880] [django.db.backends:90] [DEBUG]- (0.001) CREATE TABLE "auth_group_permissions" ("id" integer NOT NULL PRIMARY KEY AUTOINCREMENT, "group_id" integer NOT NULL REFERENCES "auth_group" ("id"), "permission_id" integer NOT NULL REFERENCES "auth_permission" ("id")); args=None
2016-10-05 01:22:27,752 [MainThread:9880] [django.db.backends.schema:103] [DEBUG]- CREATE UNIQUE INDEX "auth_permission_content_type_id_01ab375a_uniq" ON "auth_permission" ("content_type_id", "codename"); (params [])
2016-10-05 01:22:27,755 [MainThread:9880] [django.db.backends:90] [DEBUG]- (0.002) CREATE UNIQUE INDEX "auth_permission_content_type_id_01ab375a_uniq" ON "auth_permission" ("content_type_id", "codename"); args=[]
2016-10-05 01:22:27,756 [MainThread:9880] [django.db.backends.schema:103] [DEBUG]- CREATE INDEX "auth_permission_417f1b1c" ON "auth_permission" ("content_type_id"); (params [])
2016-10-05 01:22:27,759 [MainThread:9880] [django.db.backends:90] [DEBUG]- (0.001) CREATE INDEX "auth_permission_417f1b1c" ON "auth_permission" ("content_type_id"); args=[]
2016-10-05 01:22:27,759 [MainThread:9880] [django.db.backends.schema:103] [DEBUG]- CREATE UNIQUE INDEX "auth_group_permissions_group_id_0cd325b0_uniq" ON "auth_group_permissions" ("group_id", "permission_id"); (params [])
2016-10-05 01:22:27,769 [MainThread:9880] [django.db.backends:90] [DEBUG]- (0.005) CREATE UNIQUE INDEX "auth_group_permissions_group_id_0cd325b0_uniq" ON "auth_group_permissions" ("group_id", "permission_id"); args=[]
2016-10-05 01:22:27,770 [MainThread:9880] [django.db.backends.schema:103] [DEBUG]- CREATE INDEX "auth_group_permissions_0e939a4f" ON "auth_group_permissions" ("group_id"); (params [])
2016-10-05 01:22:27,771 [MainThread:9880] [django.db.backends:90] [DEBUG]- (0.000) CREATE INDEX "auth_group_permissions_0e939a4f" ON "auth_group_permissions" ("group_id"); args=[]
2016-10-05 01:22:27,772 [MainThread:9880] [django.db.backends.schema:103] [DEBUG]- CREATE INDEX "auth_group_permissions_8373b171" ON "auth_group_permissions" ("permission_id"); (params [])
2016-10-05 01:22:27,773 [MainThread:9880] [django.db.backends:90] [DEBUG]- (0.001) CREATE INDEX "auth_group_permissions_8373b171" ON "auth_group_permissions" ("permission_id"); args=[]
2016-10-05 01:22:27,902 [MainThread:9880] [django.db.backends:90] [DEBUG]- (0.000) PRAGMA foreign_keys = 0; args=None
2016-10-05 01:22:27,903 [MainThread:9880] [django.db.backends:90] [DEBUG]- (0.000) 
            SELECT name, type FROM sqlite_master
            WHERE type in ('table', 'view') AND NOT name='sqlite_sequence'
            ORDER BY name; args=None
2016-10-05 01:22:27,908 [MainThread:9880] [django.db.backends:90] [DEBUG]- (0.000) BEGIN; args=None
2016-10-05 01:22:27,913 [MainThread:9880] [django.db.backends:90] [DEBUG]- (0.002) INSERT INTO "django_migrations" ("app", "name", "applied") VALUES ('auth', '0001_initial', '2016-10-04 17:22:27.908522'); args=['auth', '0001_initial', '2016-10-04 17:22:27.908522']
2016-10-05 01:22:27,982 [MainThread:9880] [django.db.backends:90] [DEBUG]- (0.000) PRAGMA foreign_keys; args=None
2016-10-05 01:22:27,982 [MainThread:9880] [django.db.backends:90] [DEBUG]- (0.000) PRAGMA foreign_keys = 0; args=None
2016-10-05 01:22:27,983 [MainThread:9880] [django.db.backends:90] [DEBUG]- (0.000) BEGIN; args=None
2016-10-05 01:22:27,991 [MainThread:9880] [django.db.backends.schema:103] [DEBUG]- ALTER TABLE "auth_permission" RENAME TO "auth_permission__old"; (params [])
2016-10-05 01:22:27,995 [MainThread:9880] [django.db.backends:90] [DEBUG]- (0.004) ALTER TABLE "auth_permission" RENAME TO "auth_permission__old"; args=[]
2016-10-05 01:22:28,004 [MainThread:9880] [django.db.backends.schema:103] [DEBUG]- CREATE TABLE "auth_permission" ("id" integer NOT NULL PRIMARY KEY AUTOINCREMENT, "content_type_id" integer NOT NULL REFERENCES "django_content_type" ("id"), "codename" varchar(100) NOT NULL, "name" varchar(255) NOT NULL); (params None)
2016-10-05 01:22:28,005 [MainThread:9880] [django.db.backends:90] [DEBUG]- (0.000) CREATE TABLE "auth_permission" ("id" integer NOT NULL PRIMARY KEY AUTOINCREMENT, "content_type_id" integer NOT NULL REFERENCES "django_content_type" ("id"), "codename" varchar(100) NOT NULL, "name" varchar(255) NOT NULL); args=None
2016-10-05 01:22:28,007 [MainThread:9880] [django.db.backends.schema:103] [DEBUG]- INSERT INTO "auth_permission" ("id", "content_type_id", "codename", "name") SELECT "id", "content_type_id", "codename", "name" FROM "auth_permission__old"; (params [])
2016-10-05 01:22:28,008 [MainThread:9880] [django.db.backends:90] [DEBUG]- (0.001) INSERT INTO "auth_permission" ("id", "content_type_id", "codename", "name") SELECT "id", "content_type_id", "codename", "name" FROM "auth_permission__old"; args=[]
2016-10-05 01:22:28,008 [MainThread:9880] [django.db.backends.schema:103] [DEBUG]- DROP TABLE "auth_permission__old"; (params [])
2016-10-05 01:22:28,014 [MainThread:9880] [django.db.backends:90] [DEBUG]- (0.003) DROP TABLE "auth_permission__old"; args=[]
2016-10-05 01:22:28,014 [MainThread:9880] [django.db.backends.schema:103] [DEBUG]- CREATE UNIQUE INDEX "auth_permission_content_type_id_01ab375a_uniq" ON "auth_permission" ("content_type_id", "codename"); (params [])
2016-10-05 01:22:28,016 [MainThread:9880] [django.db.backends:90] [DEBUG]- (0.000) CREATE UNIQUE INDEX "auth_permission_content_type_id_01ab375a_uniq" ON "auth_permission" ("content_type_id", "codename"); args=[]
2016-10-05 01:22:28,016 [MainThread:9880] [django.db.backends.schema:103] [DEBUG]- CREATE INDEX "auth_permission_417f1b1c" ON "auth_permission" ("content_type_id"); (params [])
2016-10-05 01:22:28,017 [MainThread:9880] [django.db.backends:90] [DEBUG]- (0.000) CREATE INDEX "auth_permission_417f1b1c" ON "auth_permission" ("content_type_id"); args=[]
2016-10-05 01:22:28,148 [MainThread:9880] [django.db.backends:90] [DEBUG]- (0.000) PRAGMA foreign_keys = 0; args=None
2016-10-05 01:22:28,149 [MainThread:9880] [django.db.backends:90] [DEBUG]- (0.001) 
            SELECT name, type FROM sqlite_master
            WHERE type in ('table', 'view') AND NOT name='sqlite_sequence'
            ORDER BY name; args=None
2016-10-05 01:22:28,152 [MainThread:9880] [django.db.backends:90] [DEBUG]- (0.000) BEGIN; args=None
2016-10-05 01:22:28,154 [MainThread:9880] [django.db.backends:90] [DEBUG]- (0.002) INSERT INTO "django_migrations" ("app", "name", "applied") VALUES ('auth', '0002_alter_permission_name_max_length', '2016-10-04 17:22:28.151923'); args=['auth', '0002_alter_permission_name_max_length', '2016-10-04 17:22:28.151923']
2016-10-05 01:22:28,209 [MainThread:9880] [django.db.backends:90] [DEBUG]- (0.000) PRAGMA foreign_keys; args=None
2016-10-05 01:22:28,212 [MainThread:9880] [django.db.backends:90] [DEBUG]- (0.001) PRAGMA foreign_keys = 0; args=None
2016-10-05 01:22:28,213 [MainThread:9880] [django.db.backends:90] [DEBUG]- (0.000) BEGIN; args=None
2016-10-05 01:22:28,225 [MainThread:9880] [django.db.backends:90] [DEBUG]- (0.000) PRAGMA foreign_keys = 0; args=None
2016-10-05 01:22:28,229 [MainThread:9880] [django.db.backends:90] [DEBUG]- (0.002) 
            SELECT name, type FROM sqlite_master
            WHERE type in ('table', 'view') AND NOT name='sqlite_sequence'
            ORDER BY name; args=None
2016-10-05 01:22:28,242 [MainThread:9880] [django.db.backends:90] [DEBUG]- (0.000) BEGIN; args=None
2016-10-05 01:22:28,247 [MainThread:9880] [django.db.backends:90] [DEBUG]- (0.002) INSERT INTO "django_migrations" ("app", "name", "applied") VALUES ('auth', '0003_alter_user_email_max_length', '2016-10-04 17:22:28.241980'); args=['auth', '0003_alter_user_email_max_length', '2016-10-04 17:22:28.241980']
2016-10-05 01:22:28,309 [MainThread:9880] [django.db.backends:90] [DEBUG]- (0.000) PRAGMA foreign_keys; args=None
2016-10-05 01:22:28,309 [MainThread:9880] [django.db.backends:90] [DEBUG]- (0.000) PRAGMA foreign_keys = 0; args=None
2016-10-05 01:22:28,311 [MainThread:9880] [django.db.backends:90] [DEBUG]- (0.000) BEGIN; args=None
2016-10-05 01:22:28,321 [MainThread:9880] [django.db.backends:90] [DEBUG]- (0.000) PRAGMA foreign_keys = 0; args=None
2016-10-05 01:22:28,322 [MainThread:9880] [django.db.backends:90] [DEBUG]- (0.000) 
            SELECT name, type FROM sqlite_master
            WHERE type in ('table', 'view') AND NOT name='sqlite_sequence'
            ORDER BY name; args=None
2016-10-05 01:22:28,325 [MainThread:9880] [django.db.backends:90] [DEBUG]- (0.000) BEGIN; args=None
2016-10-05 01:22:28,328 [MainThread:9880] [django.db.backends:90] [DEBUG]- (0.002) INSERT INTO "django_migrations" ("app", "name", "applied") VALUES ('auth', '0004_alter_user_username_opts', '2016-10-04 17:22:28.325078'); args=['auth', '0004_alter_user_username_opts', '2016-10-04 17:22:28.325078']
2016-10-05 01:22:28,424 [MainThread:9880] [django.db.backends:90] [DEBUG]- (0.000) PRAGMA foreign_keys; args=None
2016-10-05 01:22:28,425 [MainThread:9880] [django.db.backends:90] [DEBUG]- (0.000) PRAGMA foreign_keys = 0; args=None
2016-10-05 01:22:28,426 [MainThread:9880] [django.db.backends:90] [DEBUG]- (0.000) BEGIN; args=None
2016-10-05 01:22:28,447 [MainThread:9880] [django.db.backends:90] [DEBUG]- (0.001) PRAGMA foreign_keys = 0; args=None
2016-10-05 01:22:28,448 [MainThread:9880] [django.db.backends:90] [DEBUG]- (0.000) 
            SELECT name, type FROM sqlite_master
            WHERE type in ('table', 'view') AND NOT name='sqlite_sequence'
            ORDER BY name; args=None
2016-10-05 01:22:28,450 [MainThread:9880] [django.db.backends:90] [DEBUG]- (0.000) BEGIN; args=None
2016-10-05 01:22:28,452 [MainThread:9880] [django.db.backends:90] [DEBUG]- (0.002) INSERT INTO "django_migrations" ("app", "name", "applied") VALUES ('auth', '0005_alter_user_last_login_null', '2016-10-04 17:22:28.450164'); args=['auth', '0005_alter_user_last_login_null', '2016-10-04 17:22:28.450164']
2016-10-05 01:22:28,517 [MainThread:9880] [django.db.backends:90] [DEBUG]- (0.000) PRAGMA foreign_keys; args=None
2016-10-05 01:22:28,518 [MainThread:9880] [django.db.backends:90] [DEBUG]- (0.000) PRAGMA foreign_keys = 0; args=None
2016-10-05 01:22:28,519 [MainThread:9880] [django.db.backends:90] [DEBUG]- (0.000) BEGIN; args=None
2016-10-05 01:22:28,520 [MainThread:9880] [django.db.backends:90] [DEBUG]- (0.000) PRAGMA foreign_keys = 0; args=None
2016-10-05 01:22:28,521 [MainThread:9880] [django.db.backends:90] [DEBUG]- (0.000) 
            SELECT name, type FROM sqlite_master
            WHERE type in ('table', 'view') AND NOT name='sqlite_sequence'
            ORDER BY name; args=None
2016-10-05 01:22:28,523 [MainThread:9880] [django.db.backends:90] [DEBUG]- (0.000) BEGIN; args=None
2016-10-05 01:22:28,525 [MainThread:9880] [django.db.backends:90] [DEBUG]- (0.002) INSERT INTO "django_migrations" ("app", "name", "applied") VALUES ('auth', '0006_require_contenttypes_0002', '2016-10-04 17:22:28.523964'); args=['auth', '0006_require_contenttypes_0002', '2016-10-04 17:22:28.523964']
2016-10-05 01:22:28,584 [MainThread:9880] [django.db.backends:90] [DEBUG]- (0.000) PRAGMA foreign_keys; args=None
2016-10-05 01:22:28,585 [MainThread:9880] [django.db.backends:90] [DEBUG]- (0.000) PRAGMA foreign_keys = 0; args=None
2016-10-05 01:22:28,586 [MainThread:9880] [django.db.backends:90] [DEBUG]- (0.001) BEGIN; args=None
2016-10-05 01:22:28,604 [MainThread:9880] [django.db.backends:90] [DEBUG]- (0.000) PRAGMA foreign_keys = 0; args=None
2016-10-05 01:22:28,605 [MainThread:9880] [django.db.backends:90] [DEBUG]- (0.001) 
            SELECT name, type FROM sqlite_master
            WHERE type in ('table', 'view') AND NOT name='sqlite_sequence'
            ORDER BY name; args=None
2016-10-05 01:22:28,609 [MainThread:9880] [django.db.backends:90] [DEBUG]- (0.000) BEGIN; args=None
2016-10-05 01:22:28,613 [MainThread:9880] [django.db.backends:90] [DEBUG]- (0.003) INSERT INTO "django_migrations" ("app", "name", "applied") VALUES ('auth', '0007_alter_validators_add_error_messages', '2016-10-04 17:22:28.609525'); args=['auth', '0007_alter_validators_add_error_messages', '2016-10-04 17:22:28.609525']
2016-10-05 01:22:28,682 [MainThread:9880] [django.db.backends:90] [DEBUG]- (0.000) PRAGMA foreign_keys; args=None
2016-10-05 01:22:28,683 [MainThread:9880] [django.db.backends:90] [DEBUG]- (0.000) PRAGMA foreign_keys = 0; args=None
2016-10-05 01:22:28,684 [MainThread:9880] [django.db.backends:90] [DEBUG]- (0.000) BEGIN; args=None
2016-10-05 01:22:28,693 [MainThread:9880] [django.db.backends:90] [DEBUG]- (0.000) PRAGMA foreign_keys = 0; args=None
2016-10-05 01:22:28,694 [MainThread:9880] [django.db.backends:90] [DEBUG]- (0.000) 
            SELECT name, type FROM sqlite_master
            WHERE type in ('table', 'view') AND NOT name='sqlite_sequence'
            ORDER BY name; args=None
2016-10-05 01:22:28,703 [MainThread:9880] [django.db.backends:90] [DEBUG]- (0.000) BEGIN; args=None
2016-10-05 01:22:28,707 [MainThread:9880] [django.db.backends:90] [DEBUG]- (0.002) INSERT INTO "django_migrations" ("app", "name", "applied") VALUES ('auth', '0008_alter_user_username_max_length', '2016-10-04 17:22:28.703889'); args=['auth', '0008_alter_user_username_max_length', '2016-10-04 17:22:28.703889']
2016-10-05 01:22:28,772 [MainThread:9880] [django.db.backends:90] [DEBUG]- (0.000) PRAGMA foreign_keys; args=None
2016-10-05 01:22:28,773 [MainThread:9880] [django.db.backends:90] [DEBUG]- (0.000) PRAGMA foreign_keys = 0; args=None
2016-10-05 01:22:28,774 [MainThread:9880] [django.db.backends:90] [DEBUG]- (0.000) BEGIN; args=None
2016-10-05 01:22:28,777 [MainThread:9880] [django.db.backends.schema:103] [DEBUG]- CREATE TABLE "Blog_ad" ("id" integer NOT NULL PRIMARY KEY AUTOINCREMENT, "title" varchar(50) NOT NULL, "desc" varchar(200) NOT NULL, "img_url" varchar(100) NOT NULL, "callback_url" varchar(200) NULL, "index" integer NOT NULL); (params None)
2016-10-05 01:22:28,781 [MainThread:9880] [django.db.backends:90] [DEBUG]- (0.002) CREATE TABLE "Blog_ad" ("id" integer NOT NULL PRIMARY KEY AUTOINCREMENT, "title" varchar(50) NOT NULL, "desc" varchar(200) NOT NULL, "img_url" varchar(100) NOT NULL, "callback_url" varchar(200) NULL, "index" integer NOT NULL); args=None
2016-10-05 01:22:28,784 [MainThread:9880] [django.db.backends.schema:103] [DEBUG]- CREATE TABLE "Blog_article" ("id" integer NOT NULL PRIMARY KEY AUTOINCREMENT, "title" varchar(50) NOT NULL, "desc" varchar(50) NOT NULL, "content" text NOT NULL, "click_count" integer NOT NULL, "is_recommend" bool NOT NULL, "date_publish" datetime NOT NULL); (params None)
2016-10-05 01:22:28,785 [MainThread:9880] [django.db.backends:90] [DEBUG]- (0.000) CREATE TABLE "Blog_article" ("id" integer NOT NULL PRIMARY KEY AUTOINCREMENT, "title" varchar(50) NOT NULL, "desc" varchar(50) NOT NULL, "content" text NOT NULL, "click_count" integer NOT NULL, "is_recommend" bool NOT NULL, "date_publish" datetime NOT NULL); args=None
2016-10-05 01:22:28,788 [MainThread:9880] [django.db.backends.schema:103] [DEBUG]- CREATE TABLE "Blog_category" ("id" integer NOT NULL PRIMARY KEY AUTOINCREMENT, "name" varchar(30) NOT NULL, "index" integer NOT NULL); (params None)
2016-10-05 01:22:28,789 [MainThread:9880] [django.db.backends:90] [DEBUG]- (0.001) CREATE TABLE "Blog_category" ("id" integer NOT NULL PRIMARY KEY AUTOINCREMENT, "name" varchar(30) NOT NULL, "index" integer NOT NULL); args=None
2016-10-05 01:22:28,804 [MainThread:9880] [django.db.backends.schema:103] [DEBUG]- CREATE TABLE "Blog_comment" ("id" integer NOT NULL PRIMARY KEY AUTOINCREMENT, "content" text NOT NULL, "date_publish" datetime NOT NULL, "article_id" integer NULL REFERENCES "Blog_article" ("id"), "pid_id" integer NULL REFERENCES "Blog_comment" ("id")); (params None)
2016-10-05 01:22:28,805 [MainThread:9880] [django.db.backends:90] [DEBUG]- (0.001) CREATE TABLE "Blog_comment" ("id" integer NOT NULL PRIMARY KEY AUTOINCREMENT, "content" text NOT NULL, "date_publish" datetime NOT NULL, "article_id" integer NULL REFERENCES "Blog_article" ("id"), "pid_id" integer NULL REFERENCES "Blog_comment" ("id")); args=None
2016-10-05 01:22:28,810 [MainThread:9880] [django.db.backends.schema:103] [DEBUG]- CREATE TABLE "Blog_links" ("id" integer NOT NULL PRIMARY KEY AUTOINCREMENT, "title" varchar(50) NOT NULL, "desc" varchar(200) NOT NULL, "callback_url" varchar(200) NOT NULL, "date_publish" datetime NOT NULL, "index" integer NOT NULL); (params None)
2016-10-05 01:22:28,810 [MainThread:9880] [django.db.backends:90] [DEBUG]- (0.000) CREATE TABLE "Blog_links" ("id" integer NOT NULL PRIMARY KEY AUTOINCREMENT, "title" varchar(50) NOT NULL, "desc" varchar(200) NOT NULL, "callback_url" varchar(200) NOT NULL, "date_publish" datetime NOT NULL, "index" integer NOT NULL); args=None
2016-10-05 01:22:28,817 [MainThread:9880] [django.db.backends.schema:103] [DEBUG]- CREATE TABLE "Blog_tag" ("id" integer NOT NULL PRIMARY KEY AUTOINCREMENT, "name" varchar(30) NOT NULL); (params None)
2016-10-05 01:22:28,818 [MainThread:9880] [django.db.backends:90] [DEBUG]- (0.000) CREATE TABLE "Blog_tag" ("id" integer NOT NULL PRIMARY KEY AUTOINCREMENT, "name" varchar(30) NOT NULL); args=None
2016-10-05 01:22:28,839 [MainThread:9880] [django.db.backends.schema:103] [DEBUG]- CREATE TABLE "Blog_user" ("id" integer NOT NULL PRIMARY KEY AUTOINCREMENT, "password" varchar(128) NOT NULL, "last_login" datetime NULL, "is_superuser" bool NOT NULL, "username" varchar(150) NOT NULL UNIQUE, "first_name" varchar(30) NOT NULL, "last_name" varchar(30) NOT NULL, "email" varchar(254) NOT NULL, "is_staff" bool NOT NULL, "is_active" bool NOT NULL, "date_joined" datetime NOT NULL, "avatar" varchar(200) NOT NULL, "qq" varchar(20) NULL, "mobile" varchar(11) NULL UNIQUE); (params None)
2016-10-05 01:22:28,839 [MainThread:9880] [django.db.backends:90] [DEBUG]- (0.000) CREATE TABLE "Blog_user" ("id" integer NOT NULL PRIMARY KEY AUTOINCREMENT, "password" varchar(128) NOT NULL, "last_login" datetime NULL, "is_superuser" bool NOT NULL, "username" varchar(150) NOT NULL UNIQUE, "first_name" varchar(30) NOT NULL, "last_name" varchar(30) NOT NULL, "email" varchar(254) NOT NULL, "is_staff" bool NOT NULL, "is_active" bool NOT NULL, "date_joined" datetime NOT NULL, "avatar" varchar(200) NOT NULL, "qq" varchar(20) NULL, "mobile" varchar(11) NULL UNIQUE); args=None
2016-10-05 01:22:28,842 [MainThread:9880] [django.db.backends.schema:103] [DEBUG]- CREATE TABLE "Blog_user_groups" ("id" integer NOT NULL PRIMARY KEY AUTOINCREMENT, "user_id" integer NOT NULL REFERENCES "Blog_user" ("id"), "group_id" integer NOT NULL REFERENCES "auth_group" ("id")); (params None)
2016-10-05 01:22:28,843 [MainThread:9880] [django.db.backends:90] [DEBUG]- (0.000) CREATE TABLE "Blog_user_groups" ("id" integer NOT NULL PRIMARY KEY AUTOINCREMENT, "user_id" integer NOT NULL REFERENCES "Blog_user" ("id"), "group_id" integer NOT NULL REFERENCES "auth_group" ("id")); args=None
2016-10-05 01:22:28,848 [MainThread:9880] [django.db.backends.schema:103] [DEBUG]- CREATE TABLE "Blog_user_user_permissions" ("id" integer NOT NULL PRIMARY KEY AUTOINCREMENT, "user_id" integer NOT NULL REFERENCES "Blog_user" ("id"), "permission_id" integer NOT NULL REFERENCES "auth_permission" ("id")); (params None)
2016-10-05 01:22:28,850 [MainThread:9880] [django.db.backends:90] [DEBUG]- (0.001) CREATE TABLE "Blog_user_user_permissions" ("id" integer NOT NULL PRIMARY KEY AUTOINCREMENT, "user_id" integer NOT NULL REFERENCES "Blog_user" ("id"), "permission_id" integer NOT NULL REFERENCES "auth_permission" ("id")); args=None
2016-10-05 01:22:28,882 [MainThread:9880] [django.db.backends.schema:103] [DEBUG]- ALTER TABLE "Blog_comment" RENAME TO "Blog_comment__old"; (params [])
2016-10-05 01:22:28,883 [MainThread:9880] [django.db.backends:90] [DEBUG]- (0.000) ALTER TABLE "Blog_comment" RENAME TO "Blog_comment__old"; args=[]
2016-10-05 01:22:28,886 [MainThread:9880] [django.db.backends.schema:103] [DEBUG]- CREATE TABLE "Blog_comment" ("id" integer NOT NULL PRIMARY KEY AUTOINCREMENT, "content" text NOT NULL, "date_publish" datetime NOT NULL, "article_id" integer NULL REFERENCES "Blog_article" ("id"), "user_id" integer NULL REFERENCES "Blog_user" ("id"), "pid_id" integer NULL REFERENCES "Blog_comment" ("id")); (params None)
2016-10-05 01:22:28,887 [MainThread:9880] [django.db.backends:90] [DEBUG]- (0.000) CREATE TABLE "Blog_comment" ("id" integer NOT NULL PRIMARY KEY AUTOINCREMENT, "content" text NOT NULL, "date_publish" datetime NOT NULL, "article_id" integer NULL REFERENCES "Blog_article" ("id"), "user_id" integer NULL REFERENCES "Blog_user" ("id"), "pid_id" integer NULL REFERENCES "Blog_comment" ("id")); args=None
2016-10-05 01:22:28,888 [MainThread:9880] [django.db.backends.schema:103] [DEBUG]- INSERT INTO "Blog_comment" ("content", "pid_id", "id", "article_id", "date_publish", "user_id") SELECT "content", "pid_id", "id", "article_id", "date_publish", NULL FROM "Blog_comment__old"; (params [])
2016-10-05 01:22:28,889 [MainThread:9880] [django.db.backends:90] [DEBUG]- (0.000) INSERT INTO "Blog_comment" ("content", "pid_id", "id", "article_id", "date_publish", "user_id") SELECT "content", "pid_id", "id", "article_id", "date_publish", NULL FROM "Blog_comment__old"; args=[]
2016-10-05 01:22:28,889 [MainThread:9880] [django.db.backends.schema:103] [DEBUG]- DROP TABLE "Blog_comment__old"; (params [])
2016-10-05 01:22:28,892 [MainThread:9880] [django.db.backends:90] [DEBUG]- (0.002) DROP TABLE "Blog_comment__old"; args=[]
2016-10-05 01:22:28,892 [MainThread:9880] [django.db.backends.schema:103] [DEBUG]- CREATE UNIQUE INDEX "Blog_user_groups_user_id_ebbdc6eb_uniq" ON "Blog_user_groups" ("user_id", "group_id"); (params [])
2016-10-05 01:22:28,894 [MainThread:9880] [django.db.backends:90] [DEBUG]- (0.000) CREATE UNIQUE INDEX "Blog_user_groups_user_id_ebbdc6eb_uniq" ON "Blog_user_groups" ("user_id", "group_id"); args=[]
2016-10-05 01:22:28,903 [MainThread:9880] [django.db.backends.schema:103] [DEBUG]- CREATE INDEX "Blog_user_groups_e8701ad4" ON "Blog_user_groups" ("user_id"); (params [])
2016-10-05 01:22:28,905 [MainThread:9880] [django.db.backends:90] [DEBUG]- (0.001) CREATE INDEX "Blog_user_groups_e8701ad4" ON "Blog_user_groups" ("user_id"); args=[]
2016-10-05 01:22:28,906 [MainThread:9880] [django.db.backends.schema:103] [DEBUG]- CREATE INDEX "Blog_user_groups_0e939a4f" ON "Blog_user_groups" ("group_id"); (params [])
2016-10-05 01:22:28,908 [MainThread:9880] [django.db.backends:90] [DEBUG]- (0.000) CREATE INDEX "Blog_user_groups_0e939a4f" ON "Blog_user_groups" ("group_id"); args=[]
2016-10-05 01:22:28,909 [MainThread:9880] [django.db.backends.schema:103] [DEBUG]- CREATE UNIQUE INDEX "Blog_user_user_permissions_user_id_cfe31d70_uniq" ON "Blog_user_user_permissions" ("user_id", "permission_id"); (params [])
2016-10-05 01:22:28,914 [MainThread:9880] [django.db.backends:90] [DEBUG]- (0.002) CREATE UNIQUE INDEX "Blog_user_user_permissions_user_id_cfe31d70_uniq" ON "Blog_user_user_permissions" ("user_id", "permission_id"); args=[]
2016-10-05 01:22:28,915 [MainThread:9880] [django.db.backends.schema:103] [DEBUG]- CREATE INDEX "Blog_user_user_permissions_e8701ad4" ON "Blog_user_user_permissions" ("user_id"); (params [])
2016-10-05 01:22:28,916 [MainThread:9880] [django.db.backends:90] [DEBUG]- (0.000) CREATE INDEX "Blog_user_user_permissions_e8701ad4" ON "Blog_user_user_permissions" ("user_id"); args=[]
2016-10-05 01:22:28,917 [MainThread:9880] [django.db.backends.schema:103] [DEBUG]- CREATE INDEX "Blog_user_user_permissions_8373b171" ON "Blog_user_user_permissions" ("permission_id"); (params [])
2016-10-05 01:22:28,918 [MainThread:9880] [django.db.backends:90] [DEBUG]- (0.000) CREATE INDEX "Blog_user_user_permissions_8373b171" ON "Blog_user_user_permissions" ("permission_id"); args=[]
2016-10-05 01:22:28,918 [MainThread:9880] [django.db.backends.schema:103] [DEBUG]- CREATE INDEX "Blog_comment_a00c1b00" ON "Blog_comment" ("article_id"); (params [])
2016-10-05 01:22:28,919 [MainThread:9880] [django.db.backends:90] [DEBUG]- (0.000) CREATE INDEX "Blog_comment_a00c1b00" ON "Blog_comment" ("article_id"); args=[]
2016-10-05 01:22:28,921 [MainThread:9880] [django.db.backends.schema:103] [DEBUG]- CREATE INDEX "Blog_comment_e8701ad4" ON "Blog_comment" ("user_id"); (params [])
2016-10-05 01:22:28,923 [MainThread:9880] [django.db.backends:90] [DEBUG]- (0.000) CREATE INDEX "Blog_comment_e8701ad4" ON "Blog_comment" ("user_id"); args=[]
2016-10-05 01:22:28,923 [MainThread:9880] [django.db.backends.schema:103] [DEBUG]- CREATE INDEX "Blog_comment_252a6649" ON "Blog_comment" ("pid_id"); (params [])
2016-10-05 01:22:28,924 [MainThread:9880] [django.db.backends:90] [DEBUG]- (0.000) CREATE INDEX "Blog_comment_252a6649" ON "Blog_comment" ("pid_id"); args=[]
2016-10-05 01:22:28,983 [MainThread:9880] [django.db.backends.schema:103] [DEBUG]- ALTER TABLE "Blog_article" RENAME TO "Blog_article__old"; (params [])
2016-10-05 01:22:28,984 [MainThread:9880] [django.db.backends:90] [DEBUG]- (0.001) ALTER TABLE "Blog_article" RENAME TO "Blog_article__old"; args=[]
2016-10-05 01:22:28,987 [MainThread:9880] [django.db.backends.schema:103] [DEBUG]- CREATE TABLE "Blog_article" ("id" integer NOT NULL PRIMARY KEY AUTOINCREMENT, "title" varchar(50) NOT NULL, "desc" varchar(50) NOT NULL, "content" text NOT NULL, "click_count" integer NOT NULL, "is_recommend" bool NOT NULL, "date_publish" datetime NOT NULL, "category_id" integer NULL REFERENCES "Blog_category" ("id")); (params None)
2016-10-05 01:22:28,988 [MainThread:9880] [django.db.backends:90] [DEBUG]- (0.000) CREATE TABLE "Blog_article" ("id" integer NOT NULL PRIMARY KEY AUTOINCREMENT, "title" varchar(50) NOT NULL, "desc" varchar(50) NOT NULL, "content" text NOT NULL, "click_count" integer NOT NULL, "is_recommend" bool NOT NULL, "date_publish" datetime NOT NULL, "category_id" integer NULL REFERENCES "Blog_category" ("id")); args=None
2016-10-05 01:22:28,989 [MainThread:9880] [django.db.backends.schema:103] [DEBUG]- INSERT INTO "Blog_article" ("content", "title", "category_id", "desc", "is_recommend", "id", "date_publish", "click_count") SELECT "content", "title", NULL, "desc", "is_recommend", "id", "date_publish", "click_count" FROM "Blog_article__old"; (params [])
2016-10-05 01:22:28,990 [MainThread:9880] [django.db.backends:90] [DEBUG]- (0.000) INSERT INTO "Blog_article" ("content", "title", "category_id", "desc", "is_recommend", "id", "date_publish", "click_count") SELECT "content", "title", NULL, "desc", "is_recommend", "id", "date_publish", "click_count" FROM "Blog_article__old"; args=[]
2016-10-05 01:22:28,990 [MainThread:9880] [django.db.backends.schema:103] [DEBUG]- DROP TABLE "Blog_article__old"; (params [])
2016-10-05 01:22:28,991 [MainThread:9880] [django.db.backends:90] [DEBUG]- (0.000) DROP TABLE "Blog_article__old"; args=[]
2016-10-05 01:22:28,992 [MainThread:9880] [django.db.backends.schema:103] [DEBUG]- CREATE INDEX "Blog_article_b583a629" ON "Blog_article" ("category_id"); (params [])
2016-10-05 01:22:28,993 [MainThread:9880] [django.db.backends:90] [DEBUG]- (0.000) CREATE INDEX "Blog_article_b583a629" ON "Blog_article" ("category_id"); args=[]
2016-10-05 01:22:29,024 [MainThread:9880] [django.db.backends.schema:103] [DEBUG]- ALTER TABLE "Blog_article" RENAME TO "Blog_article__old"; (params [])
2016-10-05 01:22:29,025 [MainThread:9880] [django.db.backends:90] [DEBUG]- (0.000) ALTER TABLE "Blog_article" RENAME TO "Blog_article__old"; args=[]
2016-10-05 01:22:29,027 [MainThread:9880] [django.db.backends.schema:103] [DEBUG]- CREATE TABLE "Blog_article" ("id" integer NOT NULL PRIMARY KEY AUTOINCREMENT, "title" varchar(50) NOT NULL, "desc" varchar(50) NOT NULL, "content" text NOT NULL, "click_count" integer NOT NULL, "is_recommend" bool NOT NULL, "date_publish" datetime NOT NULL, "category_id" integer NULL REFERENCES "Blog_category" ("id"), "tag_id" integer NOT NULL REFERENCES "Blog_tag" ("id")); (params None)
2016-10-05 01:22:29,037 [MainThread:9880] [django.db.backends:90] [DEBUG]- (0.004) CREATE TABLE "Blog_article" ("id" integer NOT NULL PRIMARY KEY AUTOINCREMENT, "title" varchar(50) NOT NULL, "desc" varchar(50) NOT NULL, "content" text NOT NULL, "click_count" integer NOT NULL, "is_recommend" bool NOT NULL, "date_publish" datetime NOT NULL, "category_id" integer NULL REFERENCES "Blog_category" ("id"), "tag_id" integer NOT NULL REFERENCES "Blog_tag" ("id")); args=None
2016-10-05 01:22:29,038 [MainThread:9880] [django.db.backends.schema:103] [DEBUG]- INSERT INTO "Blog_article" ("content", "title", "tag_id", "category_id", "desc", "is_recommend", "id", "date_publish", "click_count") SELECT "content", "title", NULL, "category_id", "desc", "is_recommend", "id", "date_publish", "click_count" FROM "Blog_article__old"; (params [])
2016-10-05 01:22:29,040 [MainThread:9880] [django.db.backends:90] [DEBUG]- (0.001) INSERT INTO "Blog_article" ("content", "title", "tag_id", "category_id", "desc", "is_recommend", "id", "date_publish", "click_count") SELECT "content", "title", NULL, "category_id", "desc", "is_recommend", "id", "date_publish", "click_count" FROM "Blog_article__old"; args=[]
2016-10-05 01:22:29,041 [MainThread:9880] [django.db.backends.schema:103] [DEBUG]- DROP TABLE "Blog_article__old"; (params [])
2016-10-05 01:22:29,042 [MainThread:9880] [django.db.backends:90] [DEBUG]- (0.001) DROP TABLE "Blog_article__old"; args=[]
2016-10-05 01:22:29,042 [MainThread:9880] [django.db.backends.schema:103] [DEBUG]- CREATE INDEX "Blog_article_b583a629" ON "Blog_article" ("category_id"); (params [])
2016-10-05 01:22:29,043 [MainThread:9880] [django.db.backends:90] [DEBUG]- (0.000) CREATE INDEX "Blog_article_b583a629" ON "Blog_article" ("category_id"); args=[]
2016-10-05 01:22:29,044 [MainThread:9880] [django.db.backends.schema:103] [DEBUG]- CREATE INDEX "Blog_article_76f094bc" ON "Blog_article" ("tag_id"); (params [])
2016-10-05 01:22:29,046 [MainThread:9880] [django.db.backends:90] [DEBUG]- (0.000) CREATE INDEX "Blog_article_76f094bc" ON "Blog_article" ("tag_id"); args=[]
2016-10-05 01:22:29,076 [MainThread:9880] [django.db.backends.schema:103] [DEBUG]- ALTER TABLE "Blog_article" RENAME TO "Blog_article__old"; (params [])
2016-10-05 01:22:29,077 [MainThread:9880] [django.db.backends:90] [DEBUG]- (0.000) ALTER TABLE "Blog_article" RENAME TO "Blog_article__old"; args=[]
2016-10-05 01:22:29,082 [MainThread:9880] [django.db.backends.schema:103] [DEBUG]- CREATE TABLE "Blog_article" ("id" integer NOT NULL PRIMARY KEY AUTOINCREMENT, "title" varchar(50) NOT NULL, "desc" varchar(50) NOT NULL, "content" text NOT NULL, "click_count" integer NOT NULL, "is_recommend" bool NOT NULL, "date_publish" datetime NOT NULL, "category_id" integer NULL REFERENCES "Blog_category" ("id"), "tag_id" integer NOT NULL REFERENCES "Blog_tag" ("id"), "user_id" integer NOT NULL REFERENCES "Blog_user" ("id")); (params None)
2016-10-05 01:22:29,082 [MainThread:9880] [django.db.backends:90] [DEBUG]- (0.000) CREATE TABLE "Blog_article" ("id" integer NOT NULL PRIMARY KEY AUTOINCREMENT, "title" varchar(50) NOT NULL, "desc" varchar(50) NOT NULL, "content" text NOT NULL, "click_count" integer NOT NULL, "is_recommend" bool NOT NULL, "date_publish" datetime NOT NULL, "category_id" integer NULL REFERENCES "Blog_category" ("id"), "tag_id" integer NOT NULL REFERENCES "Blog_tag" ("id"), "user_id" integer NOT NULL REFERENCES "Blog_user" ("id")); args=None
2016-10-05 01:22:29,083 [MainThread:9880] [django.db.backends.schema:103] [DEBUG]- INSERT INTO "Blog_article" ("content", "user_id", "title", "tag_id", "category_id", "desc", "is_recommend", "id", "date_publish", "click_count") SELECT "content", NULL, "title", "tag_id", "category_id", "desc", "is_recommend", "id", "date_publish", "click_count" FROM "Blog_article__old"; (params [])
2016-10-05 01:22:29,085 [MainThread:9880] [django.db.backends:90] [DEBUG]- (0.000) INSERT INTO "Blog_article" ("content", "user_id", "title", "tag_id", "category_id", "desc", "is_recommend", "id", "date_publish", "click_count") SELECT "content", NULL, "title", "tag_id", "category_id", "desc", "is_recommend", "id", "date_publish", "click_count" FROM "Blog_article__old"; args=[]
2016-10-05 01:22:29,085 [MainThread:9880] [django.db.backends.schema:103] [DEBUG]- DROP TABLE "Blog_article__old"; (params [])
2016-10-05 01:22:29,087 [MainThread:9880] [django.db.backends:90] [DEBUG]- (0.000) DROP TABLE "Blog_article__old"; args=[]
2016-10-05 01:22:29,087 [MainThread:9880] [django.db.backends.schema:103] [DEBUG]- CREATE INDEX "Blog_article_b583a629" ON "Blog_article" ("category_id"); (params [])
2016-10-05 01:22:29,090 [MainThread:9880] [django.db.backends:90] [DEBUG]- (0.001) CREATE INDEX "Blog_article_b583a629" ON "Blog_article" ("category_id"); args=[]
2016-10-05 01:22:29,092 [MainThread:9880] [django.db.backends.schema:103] [DEBUG]- CREATE INDEX "Blog_article_76f094bc" ON "Blog_article" ("tag_id"); (params [])
2016-10-05 01:22:29,093 [MainThread:9880] [django.db.backends:90] [DEBUG]- (0.000) CREATE INDEX "Blog_article_76f094bc" ON "Blog_article" ("tag_id"); args=[]
2016-10-05 01:22:29,093 [MainThread:9880] [django.db.backends.schema:103] [DEBUG]- CREATE INDEX "Blog_article_e8701ad4" ON "Blog_article" ("user_id"); (params [])
2016-10-05 01:22:29,101 [MainThread:9880] [django.db.backends:90] [DEBUG]- (0.000) CREATE INDEX "Blog_article_e8701ad4" ON "Blog_article" ("user_id"); args=[]
2016-10-05 01:22:29,204 [MainThread:9880] [django.db.backends:90] [DEBUG]- (0.000) PRAGMA foreign_keys = 0; args=None
2016-10-05 01:22:29,204 [MainThread:9880] [django.db.backends:90] [DEBUG]- (0.000) 
            SELECT name, type FROM sqlite_master
            WHERE type in ('table', 'view') AND NOT name='sqlite_sequence'
            ORDER BY name; args=None
2016-10-05 01:22:29,208 [MainThread:9880] [django.db.backends:90] [DEBUG]- (0.000) BEGIN; args=None
2016-10-05 01:22:29,210 [MainThread:9880] [django.db.backends:90] [DEBUG]- (0.002) INSERT INTO "django_migrations" ("app", "name", "applied") VALUES ('Blog', '0001_initial', '2016-10-04 17:22:29.207749'); args=['Blog', '0001_initial', '2016-10-04 17:22:29.207749']
2016-10-05 01:22:29,277 [MainThread:9880] [django.db.backends:90] [DEBUG]- (0.000) PRAGMA foreign_keys; args=None
2016-10-05 01:22:29,278 [MainThread:9880] [django.db.backends:90] [DEBUG]- (0.000) PRAGMA foreign_keys = 0; args=None
2016-10-05 01:22:29,279 [MainThread:9880] [django.db.backends:90] [DEBUG]- (0.000) BEGIN; args=None
2016-10-05 01:22:29,308 [MainThread:9880] [django.db.backends.schema:103] [DEBUG]- CREATE TABLE "django_admin_log" ("id" integer NOT NULL PRIMARY KEY AUTOINCREMENT, "action_time" datetime NOT NULL, "object_id" text NULL, "object_repr" varchar(200) NOT NULL, "action_flag" smallint unsigned NOT NULL, "change_message" text NOT NULL, "content_type_id" integer NULL REFERENCES "django_content_type" ("id"), "user_id" integer NOT NULL REFERENCES "Blog_user" ("id")); (params None)
2016-10-05 01:22:29,310 [MainThread:9880] [django.db.backends:90] [DEBUG]- (0.002) CREATE TABLE "django_admin_log" ("id" integer NOT NULL PRIMARY KEY AUTOINCREMENT, "action_time" datetime NOT NULL, "object_id" text NULL, "object_repr" varchar(200) NOT NULL, "action_flag" smallint unsigned NOT NULL, "change_message" text NOT NULL, "content_type_id" integer NULL REFERENCES "django_content_type" ("id"), "user_id" integer NOT NULL REFERENCES "Blog_user" ("id")); args=None
2016-10-05 01:22:29,311 [MainThread:9880] [django.db.backends.schema:103] [DEBUG]- CREATE INDEX "django_admin_log_417f1b1c" ON "django_admin_log" ("content_type_id"); (params [])
2016-10-05 01:22:29,313 [MainThread:9880] [django.db.backends:90] [DEBUG]- (0.001) CREATE INDEX "django_admin_log_417f1b1c" ON "django_admin_log" ("content_type_id"); args=[]
2016-10-05 01:22:29,315 [MainThread:9880] [django.db.backends.schema:103] [DEBUG]- CREATE INDEX "django_admin_log_e8701ad4" ON "django_admin_log" ("user_id"); (params [])
2016-10-05 01:22:29,317 [MainThread:9880] [django.db.backends:90] [DEBUG]- (0.000) CREATE INDEX "django_admin_log_e8701ad4" ON "django_admin_log" ("user_id"); args=[]
2016-10-05 01:22:29,411 [MainThread:9880] [django.db.backends:90] [DEBUG]- (0.000) PRAGMA foreign_keys = 0; args=None
2016-10-05 01:22:29,419 [MainThread:9880] [django.db.backends:90] [DEBUG]- (0.003) 
            SELECT name, type FROM sqlite_master
            WHERE type in ('table', 'view') AND NOT name='sqlite_sequence'
            ORDER BY name; args=None
2016-10-05 01:22:29,422 [MainThread:9880] [django.db.backends:90] [DEBUG]- (0.000) BEGIN; args=None
2016-10-05 01:22:29,424 [MainThread:9880] [django.db.backends:90] [DEBUG]- (0.001) INSERT INTO "django_migrations" ("app", "name", "applied") VALUES ('admin', '0001_initial', '2016-10-04 17:22:29.422148'); args=['admin', '0001_initial', '2016-10-04 17:22:29.422148']
2016-10-05 01:22:29,514 [MainThread:9880] [django.db.backends:90] [DEBUG]- (0.000) PRAGMA foreign_keys; args=None
2016-10-05 01:22:29,515 [MainThread:9880] [django.db.backends:90] [DEBUG]- (0.000) PRAGMA foreign_keys = 0; args=None
2016-10-05 01:22:29,518 [MainThread:9880] [django.db.backends:90] [DEBUG]- (0.000) BEGIN; args=None
2016-10-05 01:22:29,560 [MainThread:9880] [django.db.backends.schema:103] [DEBUG]- ALTER TABLE "django_admin_log" RENAME TO "django_admin_log__old"; (params [])
2016-10-05 01:22:29,570 [MainThread:9880] [django.db.backends:90] [DEBUG]- (0.002) ALTER TABLE "django_admin_log" RENAME TO "django_admin_log__old"; args=[]
2016-10-05 01:22:29,574 [MainThread:9880] [django.db.backends.schema:103] [DEBUG]- CREATE TABLE "django_admin_log" ("id" integer NOT NULL PRIMARY KEY AUTOINCREMENT, "object_id" text NULL, "object_repr" varchar(200) NOT NULL, "action_flag" smallint unsigned NOT NULL, "change_message" text NOT NULL, "content_type_id" integer NULL REFERENCES "django_content_type" ("id"), "user_id" integer NOT NULL REFERENCES "Blog_user" ("id"), "action_time" datetime NOT NULL); (params None)
2016-10-05 01:22:29,577 [MainThread:9880] [django.db.backends:90] [DEBUG]- (0.001) CREATE TABLE "django_admin_log" ("id" integer NOT NULL PRIMARY KEY AUTOINCREMENT, "object_id" text NULL, "object_repr" varchar(200) NOT NULL, "action_flag" smallint unsigned NOT NULL, "change_message" text NOT NULL, "content_type_id" integer NULL REFERENCES "django_content_type" ("id"), "user_id" integer NOT NULL REFERENCES "Blog_user" ("id"), "action_time" datetime NOT NULL); args=None
2016-10-05 01:22:29,578 [MainThread:9880] [django.db.backends.schema:103] [DEBUG]- INSERT INTO "django_admin_log" ("change_message", "action_time", "object_repr", "content_type_id", "action_flag", "id", "object_id", "user_id") SELECT "change_message", "action_time", "object_repr", "content_type_id", "action_flag", "id", "object_id", "user_id" FROM "django_admin_log__old"; (params [])
2016-10-05 01:22:29,580 [MainThread:9880] [django.db.backends:90] [DEBUG]- (0.000) INSERT INTO "django_admin_log" ("change_message", "action_time", "object_repr", "content_type_id", "action_flag", "id", "object_id", "user_id") SELECT "change_message", "action_time", "object_repr", "content_type_id", "action_flag", "id", "object_id", "user_id" FROM "django_admin_log__old"; args=[]
2016-10-05 01:22:29,582 [MainThread:9880] [django.db.backends.schema:103] [DEBUG]- DROP TABLE "django_admin_log__old"; (params [])
2016-10-05 01:22:29,586 [MainThread:9880] [django.db.backends:90] [DEBUG]- (0.002) DROP TABLE "django_admin_log__old"; args=[]
2016-10-05 01:22:29,587 [MainThread:9880] [django.db.backends.schema:103] [DEBUG]- CREATE INDEX "django_admin_log_417f1b1c" ON "django_admin_log" ("content_type_id"); (params [])
2016-10-05 01:22:29,589 [MainThread:9880] [django.db.backends:90] [DEBUG]- (0.000) CREATE INDEX "django_admin_log_417f1b1c" ON "django_admin_log" ("content_type_id"); args=[]
2016-10-05 01:22:29,590 [MainThread:9880] [django.db.backends.schema:103] [DEBUG]- CREATE INDEX "django_admin_log_e8701ad4" ON "django_admin_log" ("user_id"); (params [])
2016-10-05 01:22:29,591 [MainThread:9880] [django.db.backends:90] [DEBUG]- (0.001) CREATE INDEX "django_admin_log_e8701ad4" ON "django_admin_log" ("user_id"); args=[]
2016-10-05 01:22:29,705 [MainThread:9880] [django.db.backends:90] [DEBUG]- (0.000) PRAGMA foreign_keys = 0; args=None
2016-10-05 01:22:29,707 [MainThread:9880] [django.db.backends:90] [DEBUG]- (0.001) 
            SELECT name, type FROM sqlite_master
            WHERE type in ('table', 'view') AND NOT name='sqlite_sequence'
            ORDER BY name; args=None
2016-10-05 01:22:29,712 [MainThread:9880] [django.db.backends:90] [DEBUG]- (0.000) BEGIN; args=None
2016-10-05 01:22:29,718 [MainThread:9880] [django.db.backends:90] [DEBUG]- (0.004) INSERT INTO "django_migrations" ("app", "name", "applied") VALUES ('admin', '0002_logentry_remove_auto_add', '2016-10-04 17:22:29.712346'); args=['admin', '0002_logentry_remove_auto_add', '2016-10-04 17:22:29.712346']
2016-10-05 01:22:29,794 [MainThread:9880] [django.db.backends:90] [DEBUG]- (0.000) PRAGMA foreign_keys; args=None
2016-10-05 01:22:29,794 [MainThread:9880] [django.db.backends:90] [DEBUG]- (0.000) PRAGMA foreign_keys = 0; args=None
2016-10-05 01:22:29,806 [MainThread:9880] [django.db.backends:90] [DEBUG]- (0.001) BEGIN; args=None
2016-10-05 01:22:29,812 [MainThread:9880] [django.db.backends.schema:103] [DEBUG]- CREATE TABLE "django_session" ("session_key" varchar(40) NOT NULL PRIMARY KEY, "session_data" text NOT NULL, "expire_date" datetime NOT NULL); (params None)
2016-10-05 01:22:29,820 [MainThread:9880] [django.db.backends:90] [DEBUG]- (0.007) CREATE TABLE "django_session" ("session_key" varchar(40) NOT NULL PRIMARY KEY, "session_data" text NOT NULL, "expire_date" datetime NOT NULL); args=None
2016-10-05 01:22:29,820 [MainThread:9880] [django.db.backends.schema:103] [DEBUG]- CREATE INDEX "django_session_de54fa62" ON "django_session" ("expire_date"); (params [])
2016-10-05 01:22:29,839 [MainThread:9880] [django.db.backends:90] [DEBUG]- (0.001) CREATE INDEX "django_session_de54fa62" ON "django_session" ("expire_date"); args=[]
2016-10-05 01:22:30,019 [MainThread:9880] [django.db.backends:90] [DEBUG]- (0.000) PRAGMA foreign_keys = 0; args=None
2016-10-05 01:22:30,020 [MainThread:9880] [django.db.backends:90] [DEBUG]- (0.001) 
            SELECT name, type FROM sqlite_master
            WHERE type in ('table', 'view') AND NOT name='sqlite_sequence'
            ORDER BY name; args=None
2016-10-05 01:22:30,025 [MainThread:9880] [django.db.backends:90] [DEBUG]- (0.000) BEGIN; args=None
2016-10-05 01:22:30,028 [MainThread:9880] [django.db.backends:90] [DEBUG]- (0.002) INSERT INTO "django_migrations" ("app", "name", "applied") VALUES ('sessions', '0001_initial', '2016-10-04 17:22:30.025077'); args=['sessions', '0001_initial', '2016-10-04 17:22:30.025077']
2016-10-05 01:22:30,127 [MainThread:9880] [django.db.backends:90] [DEBUG]- (0.000) 
            SELECT name, type FROM sqlite_master
            WHERE type in ('table', 'view') AND NOT name='sqlite_sequence'
            ORDER BY name; args=None
2016-10-05 01:22:30,141 [MainThread:9880] [django.db.backends:90] [DEBUG]- (0.001) SELECT "django_migrations"."app", "django_migrations"."name" FROM "django_migrations"; args=()
2016-10-05 01:22:30,144 [MainThread:9880] [django.db.backends:90] [DEBUG]- (0.001) SELECT "django_content_type"."id", "django_content_type"."app_label", "django_content_type"."model" FROM "django_content_type" WHERE ("django_content_type"."model" = 'logentry' AND "django_content_type"."app_label" = 'admin'); args=('logentry', 'admin')
2016-10-05 01:22:30,148 [MainThread:9880] [django.db.backends:90] [DEBUG]- (0.000) SELECT "django_content_type"."id", "django_content_type"."app_label", "django_content_type"."model" FROM "django_content_type" WHERE ("django_content_type"."model" = 'logentry' AND "django_content_type"."app_label" = 'admin'); args=('logentry', 'admin')
2016-10-05 01:22:30,152 [MainThread:9880] [django.db.backends:90] [DEBUG]- (0.001) BEGIN; args=None
2016-10-05 01:22:30,158 [MainThread:9880] [django.db.backends:90] [DEBUG]- (0.003) INSERT INTO "django_content_type" ("app_label", "model") VALUES ('admin', 'logentry'); args=['admin', 'logentry']
2016-10-05 01:22:30,274 [MainThread:9880] [django.db.backends:90] [DEBUG]- (0.000) SELECT "auth_permission"."content_type_id", "auth_permission"."codename" FROM "auth_permission" INNER JOIN "django_content_type" ON ("auth_permission"."content_type_id" = "django_content_type"."id") WHERE "auth_permission"."content_type_id" IN (1) ORDER BY "django_content_type"."app_label" ASC, "django_content_type"."model" ASC, "auth_permission"."codename" ASC; args=(1,)
2016-10-05 01:22:30,276 [MainThread:9880] [django.db.backends:90] [DEBUG]- (0.000) BEGIN; args=None
2016-10-05 01:22:30,280 [MainThread:9880] [django.db.backends:90] [DEBUG]- (0.002) INSERT INTO "auth_permission" ("name", "content_type_id", "codename") SELECT 'Can add log entry', 1, 'add_logentry' UNION ALL SELECT 'Can change log entry', 1, 'change_logentry' UNION ALL SELECT 'Can delete log entry', 1, 'delete_logentry'; args=('Can add log entry', 1, 'add_logentry', 'Can change log entry', 1, 'change_logentry', 'Can delete log entry', 1, 'delete_logentry')
2016-10-05 01:22:30,418 [MainThread:9880] [django.db.backends:90] [DEBUG]- (0.000) SELECT "django_content_type"."id", "django_content_type"."app_label", "django_content_type"."model" FROM "django_content_type" WHERE "django_content_type"."app_label" = 'admin'; args=('admin',)
2016-10-05 01:22:30,419 [MainThread:9880] [django.db.backends:90] [DEBUG]- (0.001) SELECT "django_content_type"."id", "django_content_type"."app_label", "django_content_type"."model" FROM "django_content_type" WHERE ("django_content_type"."model" = 'group' AND "django_content_type"."app_label" = 'auth'); args=('group', 'auth')
2016-10-05 01:22:30,422 [MainThread:9880] [django.db.backends:90] [DEBUG]- (0.001) SELECT "django_content_type"."id", "django_content_type"."app_label", "django_content_type"."model" FROM "django_content_type" WHERE ("django_content_type"."model" = 'group' AND "django_content_type"."app_label" = 'auth'); args=('group', 'auth')
2016-10-05 01:22:30,422 [MainThread:9880] [django.db.backends:90] [DEBUG]- (0.000) BEGIN; args=None
2016-10-05 01:22:30,424 [MainThread:9880] [django.db.backends:90] [DEBUG]- (0.002) INSERT INTO "django_content_type" ("app_label", "model") VALUES ('auth', 'group'); args=['auth', 'group']
2016-10-05 01:22:30,505 [MainThread:9880] [django.db.backends:90] [DEBUG]- (0.001) SELECT "django_content_type"."id", "django_content_type"."app_label", "django_content_type"."model" FROM "django_content_type" WHERE ("django_content_type"."model" = 'permission' AND "django_content_type"."app_label" = 'auth'); args=('permission', 'auth')
2016-10-05 01:22:30,507 [MainThread:9880] [django.db.backends:90] [DEBUG]- (0.001) SELECT "django_content_type"."id", "django_content_type"."app_label", "django_content_type"."model" FROM "django_content_type" WHERE ("django_content_type"."model" = 'permission' AND "django_content_type"."app_label" = 'auth'); args=('permission', 'auth')
2016-10-05 01:22:30,509 [MainThread:9880] [django.db.backends:90] [DEBUG]- (0.000) BEGIN; args=None
2016-10-05 01:22:30,512 [MainThread:9880] [django.db.backends:90] [DEBUG]- (0.002) INSERT INTO "django_content_type" ("app_label", "model") VALUES ('auth', 'permission'); args=['auth', 'permission']
2016-10-05 01:22:30,582 [MainThread:9880] [django.db.backends:90] [DEBUG]- (0.000) SELECT "auth_permission"."content_type_id", "auth_permission"."codename" FROM "auth_permission" INNER JOIN "django_content_type" ON ("auth_permission"."content_type_id" = "django_content_type"."id") WHERE "auth_permission"."content_type_id" IN (2, 3) ORDER BY "django_content_type"."app_label" ASC, "django_content_type"."model" ASC, "auth_permission"."codename" ASC; args=(2, 3)
2016-10-05 01:22:30,584 [MainThread:9880] [django.db.backends:90] [DEBUG]- (0.000) BEGIN; args=None
2016-10-05 01:22:30,589 [MainThread:9880] [django.db.backends:90] [DEBUG]- (0.002) INSERT INTO "auth_permission" ("name", "content_type_id", "codename") SELECT 'Can add group', 2, 'add_group' UNION ALL SELECT 'Can change group', 2, 'change_group' UNION ALL SELECT 'Can delete group', 2, 'delete_group' UNION ALL SELECT 'Can add permission', 3, 'add_permission' UNION ALL SELECT 'Can change permission', 3, 'change_permission' UNION ALL SELECT 'Can delete permission', 3, 'delete_permission'; args=('Can add group', 2, 'add_group', 'Can change group', 2, 'change_group', 'Can delete group', 2, 'delete_group', 'Can add permission', 3, 'add_permission', 'Can change permission', 3, 'change_permission', 'Can delete permission', 3, 'delete_permission')
2016-10-05 01:22:30,691 [MainThread:9880] [django.db.backends:90] [DEBUG]- (0.000) SELECT "django_content_type"."id", "django_content_type"."app_label", "django_content_type"."model" FROM "django_content_type" WHERE "django_content_type"."app_label" = 'auth'; args=('auth',)
2016-10-05 01:22:30,694 [MainThread:9880] [django.db.backends:90] [DEBUG]- (0.001) SELECT "django_content_type"."id", "django_content_type"."app_label", "django_content_type"."model" FROM "django_content_type" WHERE ("django_content_type"."model" = 'contenttype' AND "django_content_type"."app_label" = 'contenttypes'); args=('contenttype', 'contenttypes')
2016-10-05 01:22:30,699 [MainThread:9880] [django.db.backends:90] [DEBUG]- (0.001) SELECT "django_content_type"."id", "django_content_type"."app_label", "django_content_type"."model" FROM "django_content_type" WHERE ("django_content_type"."model" = 'contenttype' AND "django_content_type"."app_label" = 'contenttypes'); args=('contenttype', 'contenttypes')
2016-10-05 01:22:30,705 [MainThread:9880] [django.db.backends:90] [DEBUG]- (0.000) BEGIN; args=None
2016-10-05 01:22:30,708 [MainThread:9880] [django.db.backends:90] [DEBUG]- (0.001) INSERT INTO "django_content_type" ("app_label", "model") VALUES ('contenttypes', 'contenttype'); args=['contenttypes', 'contenttype']
2016-10-05 01:22:30,795 [MainThread:9880] [django.db.backends:90] [DEBUG]- (0.000) SELECT "auth_permission"."content_type_id", "auth_permission"."codename" FROM "auth_permission" INNER JOIN "django_content_type" ON ("auth_permission"."content_type_id" = "django_content_type"."id") WHERE "auth_permission"."content_type_id" IN (4) ORDER BY "django_content_type"."app_label" ASC, "django_content_type"."model" ASC, "auth_permission"."codename" ASC; args=(4,)
2016-10-05 01:22:30,805 [MainThread:9880] [django.db.backends:90] [DEBUG]- (0.000) BEGIN; args=None
2016-10-05 01:22:30,808 [MainThread:9880] [django.db.backends:90] [DEBUG]- (0.002) INSERT INTO "auth_permission" ("name", "content_type_id", "codename") SELECT 'Can add content type', 4, 'add_contenttype' UNION ALL SELECT 'Can change content type', 4, 'change_contenttype' UNION ALL SELECT 'Can delete content type', 4, 'delete_contenttype'; args=('Can add content type', 4, 'add_contenttype', 'Can change content type', 4, 'change_contenttype', 'Can delete content type', 4, 'delete_contenttype')
2016-10-05 01:22:30,905 [MainThread:9880] [django.db.backends:90] [DEBUG]- (0.001) SELECT "django_content_type"."id", "django_content_type"."app_label", "django_content_type"."model" FROM "django_content_type" WHERE "django_content_type"."app_label" = 'contenttypes'; args=('contenttypes',)
2016-10-05 01:22:30,907 [MainThread:9880] [django.db.backends:90] [DEBUG]- (0.000) SELECT "django_content_type"."id", "django_content_type"."app_label", "django_content_type"."model" FROM "django_content_type" WHERE ("django_content_type"."model" = 'session' AND "django_content_type"."app_label" = 'sessions'); args=('session', 'sessions')
2016-10-05 01:22:30,910 [MainThread:9880] [django.db.backends:90] [DEBUG]- (0.001) SELECT "django_content_type"."id", "django_content_type"."app_label", "django_content_type"."model" FROM "django_content_type" WHERE ("django_content_type"."model" = 'session' AND "django_content_type"."app_label" = 'sessions'); args=('session', 'sessions')
2016-10-05 01:22:30,911 [MainThread:9880] [django.db.backends:90] [DEBUG]- (0.000) BEGIN; args=None
2016-10-05 01:22:30,913 [MainThread:9880] [django.db.backends:90] [DEBUG]- (0.001) INSERT INTO "django_content_type" ("app_label", "model") VALUES ('sessions', 'session'); args=['sessions', 'session']
2016-10-05 01:22:30,988 [MainThread:9880] [django.db.backends:90] [DEBUG]- (0.000) SELECT "auth_permission"."content_type_id", "auth_permission"."codename" FROM "auth_permission" INNER JOIN "django_content_type" ON ("auth_permission"."content_type_id" = "django_content_type"."id") WHERE "auth_permission"."content_type_id" IN (5) ORDER BY "django_content_type"."app_label" ASC, "django_content_type"."model" ASC, "auth_permission"."codename" ASC; args=(5,)
2016-10-05 01:22:30,989 [MainThread:9880] [django.db.backends:90] [DEBUG]- (0.000) BEGIN; args=None
2016-10-05 01:22:30,993 [MainThread:9880] [django.db.backends:90] [DEBUG]- (0.002) INSERT INTO "auth_permission" ("name", "content_type_id", "codename") SELECT 'Can add session', 5, 'add_session' UNION ALL SELECT 'Can change session', 5, 'change_session' UNION ALL SELECT 'Can delete session', 5, 'delete_session'; args=('Can add session', 5, 'add_session', 'Can change session', 5, 'change_session', 'Can delete session', 5, 'delete_session')
2016-10-05 01:22:31,088 [MainThread:9880] [django.db.backends:90] [DEBUG]- (0.000) SELECT "django_content_type"."id", "django_content_type"."app_label", "django_content_type"."model" FROM "django_content_type" WHERE "django_content_type"."app_label" = 'sessions'; args=('sessions',)
2016-10-05 01:22:31,090 [MainThread:9880] [django.db.backends:90] [DEBUG]- (0.000) SELECT "django_content_type"."id", "django_content_type"."app_label", "django_content_type"."model" FROM "django_content_type" WHERE ("django_content_type"."model" = 'ad' AND "django_content_type"."app_label" = 'Blog'); args=('ad', 'Blog')
2016-10-05 01:22:31,093 [MainThread:9880] [django.db.backends:90] [DEBUG]- (0.000) SELECT "django_content_type"."id", "django_content_type"."app_label", "django_content_type"."model" FROM "django_content_type" WHERE ("django_content_type"."model" = 'ad' AND "django_content_type"."app_label" = 'Blog'); args=('ad', 'Blog')
2016-10-05 01:22:31,094 [MainThread:9880] [django.db.backends:90] [DEBUG]- (0.001) BEGIN; args=None
2016-10-05 01:22:31,098 [MainThread:9880] [django.db.backends:90] [DEBUG]- (0.002) INSERT INTO "django_content_type" ("app_label", "model") VALUES ('Blog', 'ad'); args=['Blog', 'ad']
2016-10-05 01:22:31,191 [MainThread:9880] [django.db.backends:90] [DEBUG]- (0.000) SELECT "django_content_type"."id", "django_content_type"."app_label", "django_content_type"."model" FROM "django_content_type" WHERE ("django_content_type"."model" = 'links' AND "django_content_type"."app_label" = 'Blog'); args=('links', 'Blog')
2016-10-05 01:22:31,193 [MainThread:9880] [django.db.backends:90] [DEBUG]- (0.000) SELECT "django_content_type"."id", "django_content_type"."app_label", "django_content_type"."model" FROM "django_content_type" WHERE ("django_content_type"."model" = 'links' AND "django_content_type"."app_label" = 'Blog'); args=('links', 'Blog')
2016-10-05 01:22:31,194 [MainThread:9880] [django.db.backends:90] [DEBUG]- (0.000) BEGIN; args=None
2016-10-05 01:22:31,202 [MainThread:9880] [django.db.backends:90] [DEBUG]- (0.007) INSERT INTO "django_content_type" ("app_label", "model") VALUES ('Blog', 'links'); args=['Blog', 'links']
2016-10-05 01:22:31,274 [MainThread:9880] [django.db.backends:90] [DEBUG]- (0.000) SELECT "django_content_type"."id", "django_content_type"."app_label", "django_content_type"."model" FROM "django_content_type" WHERE ("django_content_type"."model" = 'user' AND "django_content_type"."app_label" = 'Blog'); args=('user', 'Blog')
2016-10-05 01:22:31,276 [MainThread:9880] [django.db.backends:90] [DEBUG]- (0.000) SELECT "django_content_type"."id", "django_content_type"."app_label", "django_content_type"."model" FROM "django_content_type" WHERE ("django_content_type"."model" = 'user' AND "django_content_type"."app_label" = 'Blog'); args=('user', 'Blog')
2016-10-05 01:22:31,277 [MainThread:9880] [django.db.backends:90] [DEBUG]- (0.000) BEGIN; args=None
2016-10-05 01:22:31,280 [MainThread:9880] [django.db.backends:90] [DEBUG]- (0.001) INSERT INTO "django_content_type" ("app_label", "model") VALUES ('Blog', 'user'); args=['Blog', 'user']
2016-10-05 01:22:31,340 [MainThread:9880] [django.db.backends:90] [DEBUG]- (0.000) SELECT "django_content_type"."id", "django_content_type"."app_label", "django_content_type"."model" FROM "django_content_type" WHERE ("django_content_type"."model" = 'category' AND "django_content_type"."app_label" = 'Blog'); args=('category', 'Blog')
2016-10-05 01:22:31,342 [MainThread:9880] [django.db.backends:90] [DEBUG]- (0.000) SELECT "django_content_type"."id", "django_content_type"."app_label", "django_content_type"."model" FROM "django_content_type" WHERE ("django_content_type"."model" = 'category' AND "django_content_type"."app_label" = 'Blog'); args=('category', 'Blog')
2016-10-05 01:22:31,343 [MainThread:9880] [django.db.backends:90] [DEBUG]- (0.000) BEGIN; args=None
2016-10-05 01:22:31,346 [MainThread:9880] [django.db.backends:90] [DEBUG]- (0.001) INSERT INTO "django_content_type" ("app_label", "model") VALUES ('Blog', 'category'); args=['Blog', 'category']
2016-10-05 01:22:31,411 [MainThread:9880] [django.db.backends:90] [DEBUG]- (0.000) SELECT "django_content_type"."id", "django_content_type"."app_label", "django_content_type"."model" FROM "django_content_type" WHERE ("django_content_type"."model" = 'tag' AND "django_content_type"."app_label" = 'Blog'); args=('tag', 'Blog')
2016-10-05 01:22:31,412 [MainThread:9880] [django.db.backends:90] [DEBUG]- (0.000) SELECT "django_content_type"."id", "django_content_type"."app_label", "django_content_type"."model" FROM "django_content_type" WHERE ("django_content_type"."model" = 'tag' AND "django_content_type"."app_label" = 'Blog'); args=('tag', 'Blog')
2016-10-05 01:22:31,413 [MainThread:9880] [django.db.backends:90] [DEBUG]- (0.000) BEGIN; args=None
2016-10-05 01:22:31,417 [MainThread:9880] [django.db.backends:90] [DEBUG]- (0.002) INSERT INTO "django_content_type" ("app_label", "model") VALUES ('Blog', 'tag'); args=['Blog', 'tag']
2016-10-05 01:22:31,495 [MainThread:9880] [django.db.backends:90] [DEBUG]- (0.000) SELECT "django_content_type"."id", "django_content_type"."app_label", "django_content_type"."model" FROM "django_content_type" WHERE ("django_content_type"."model" = 'comment' AND "django_content_type"."app_label" = 'Blog'); args=('comment', 'Blog')
2016-10-05 01:22:31,505 [MainThread:9880] [django.db.backends:90] [DEBUG]- (0.001) SELECT "django_content_type"."id", "django_content_type"."app_label", "django_content_type"."model" FROM "django_content_type" WHERE ("django_content_type"."model" = 'comment' AND "django_content_type"."app_label" = 'Blog'); args=('comment', 'Blog')
2016-10-05 01:22:31,506 [MainThread:9880] [django.db.backends:90] [DEBUG]- (0.000) BEGIN; args=None
2016-10-05 01:22:31,509 [MainThread:9880] [django.db.backends:90] [DEBUG]- (0.002) INSERT INTO "django_content_type" ("app_label", "model") VALUES ('Blog', 'comment'); args=['Blog', 'comment']
2016-10-05 01:22:31,583 [MainThread:9880] [django.db.backends:90] [DEBUG]- (0.000) SELECT "django_content_type"."id", "django_content_type"."app_label", "django_content_type"."model" FROM "django_content_type" WHERE ("django_content_type"."model" = 'article' AND "django_content_type"."app_label" = 'Blog'); args=('article', 'Blog')
2016-10-05 01:22:31,586 [MainThread:9880] [django.db.backends:90] [DEBUG]- (0.001) SELECT "django_content_type"."id", "django_content_type"."app_label", "django_content_type"."model" FROM "django_content_type" WHERE ("django_content_type"."model" = 'article' AND "django_content_type"."app_label" = 'Blog'); args=('article', 'Blog')
2016-10-05 01:22:31,588 [MainThread:9880] [django.db.backends:90] [DEBUG]- (0.000) BEGIN; args=None
2016-10-05 01:22:31,591 [MainThread:9880] [django.db.backends:90] [DEBUG]- (0.002) INSERT INTO "django_content_type" ("app_label", "model") VALUES ('Blog', 'article'); args=['Blog', 'article']
2016-10-05 01:22:31,661 [MainThread:9880] [django.db.backends:90] [DEBUG]- (0.000) SELECT "auth_permission"."content_type_id", "auth_permission"."codename" FROM "auth_permission" INNER JOIN "django_content_type" ON ("auth_permission"."content_type_id" = "django_content_type"."id") WHERE "auth_permission"."content_type_id" IN (6, 7, 8, 9, 10, 11, 12) ORDER BY "django_content_type"."app_label" ASC, "django_content_type"."model" ASC, "auth_permission"."codename" ASC; args=(6, 7, 8, 9, 10, 11, 12)
2016-10-05 01:22:31,663 [MainThread:9880] [django.db.backends:90] [DEBUG]- (0.000) BEGIN; args=None
2016-10-05 01:22:31,676 [MainThread:9880] [django.db.backends:90] [DEBUG]- (0.002) INSERT INTO "auth_permission" ("name", "content_type_id", "codename") SELECT 'Can add ', 6, 'add_ad' UNION ALL SELECT 'Can change ', 6, 'change_ad' UNION ALL SELECT 'Can delete ', 6, 'delete_ad' UNION ALL SELECT 'Can add ', 7, 'add_links' UNION ALL SELECT 'Can change ', 7, 'change_links' UNION ALL SELECT 'Can delete ', 7, 'delete_links' UNION ALL SELECT 'Can add ', 8, 'add_user' UNION ALL SELECT 'Can change ', 8, 'change_user' UNION ALL SELECT 'Can delete ', 8, 'delete_user' UNION ALL SELECT 'Can add ', 9, 'add_category' UNION ALL SELECT 'Can change ', 9, 'change_category' UNION ALL SELECT 'Can delete ', 9, 'delete_category' UNION ALL SELECT 'Can add ', 10, 'add_tag' UNION ALL SELECT 'Can change ', 10, 'change_tag' UNION ALL SELECT 'Can delete ', 10, 'delete_tag' UNION ALL SELECT 'Can add ', 11, 'add_comment' UNION ALL SELECT 'Can change ', 11, 'change_comment' UNION ALL SELECT 'Can delete ', 11, 'delete_comment' UNION ALL SELECT 'Can add ', 12, 'add_article' UNION ALL SELECT 'Can change ', 12, 'change_article' UNION ALL SELECT 'Can delete ', 12, 'delete_article'; args=('Can add ', 6, 'add_ad', 'Can change ', 6, 'change_ad', 'Can delete ', 6, 'delete_ad', 'Can add ', 7, 'add_links', 'Can change ', 7, 'change_links', 'Can delete ', 7, 'delete_links', 'Can add ', 8, 'add_user', 'Can change ', 8, 'change_user', 'Can delete ', 8, 'delete_user', 'Can add ', 9, 'add_category', 'Can change ', 9, 'change_category', 'Can delete ', 9, 'delete_category', 'Can add ', 10, 'add_tag', 'Can change ', 10, 'change_tag', 'Can delete ', 10, 'delete_tag', 'Can add ', 11, 'add_comment', 'Can change ', 11, 'change_comment', 'Can delete ', 11, 'delete_comment', 'Can add ', 12, 'add_article', 'Can change ', 12, 'change_article', 'Can delete ', 12, 'delete_article')
2016-10-05 01:22:31,822 [MainThread:9880] [django.db.backends:90] [DEBUG]- (0.000) SELECT "django_content_type"."id", "django_content_type"."app_label", "django_content_type"."model" FROM "django_content_type" WHERE "django_content_type"."app_label" = 'Blog'; args=('Blog',)
2016-10-05 01:24:56,853 [MainThread:9392] [django.db.backends:90] [DEBUG]- (0.001) 
            SELECT name, type FROM sqlite_master
            WHERE type in ('table', 'view') AND NOT name='sqlite_sequence'
            ORDER BY name; args=None
2016-10-05 01:24:56,860 [MainThread:9392] [django.db.backends:90] [DEBUG]- (0.001) SELECT "django_migrations"."app", "django_migrations"."name" FROM "django_migrations"; args=()
2016-10-05 01:24:59,817 [MainThread:9392] [django.db.backends:90] [DEBUG]- (0.000) SELECT "Blog_user"."id", "Blog_user"."password", "Blog_user"."last_login", "Blog_user"."is_superuser", "Blog_user"."username", "Blog_user"."first_name", "Blog_user"."last_name", "Blog_user"."email", "Blog_user"."is_staff", "Blog_user"."is_active", "Blog_user"."date_joined", "Blog_user"."avatar", "Blog_user"."qq", "Blog_user"."mobile" FROM "Blog_user" WHERE "Blog_user"."username" = 'admin'; args=('admin',)
2016-10-05 01:25:29,435 [MainThread:9392] [django.db.backends:90] [DEBUG]- (0.000) BEGIN; args=None
2016-10-05 01:25:29,439 [MainThread:9392] [django.db.backends:90] [DEBUG]- (0.002) INSERT INTO "Blog_user" ("password", "last_login", "is_superuser", "username", "first_name", "last_name", "email", "is_staff", "is_active", "date_joined", "avatar", "qq", "mobile") VALUES ('pbkdf2_sha256$30000$Ds4KLprR22Zl$UzHjd0L7O2QNFjvZUVV3kOMizC3s5HSE/MTE3YNkmyo=', NULL, 1, 'admin', '', '', 'hacklee@126.com', 1, 1, '2016-10-04 17:25:29.385498', 'avator/default.png', NULL, NULL); args=['pbkdf2_sha256$30000$Ds4KLprR22Zl$UzHjd0L7O2QNFjvZUVV3kOMizC3s5HSE/MTE3YNkmyo=', None, True, 'admin', '', '', 'hacklee@126.com', True, True, '2016-10-04 17:25:29.385498', 'avator/default.png', None, None]
2016-10-05 12:00:41,422 [Dummy-1:14180] [django.db.backends:90] [DEBUG]- (0.022) 
            SELECT name, type FROM sqlite_master
            WHERE type in ('table', 'view') AND NOT name='sqlite_sequence'
            ORDER BY name; args=None
2016-10-05 12:00:41,446 [Dummy-1:14180] [django.db.backends:90] [DEBUG]- (0.001) SELECT "django_migrations"."app", "django_migrations"."name" FROM "django_migrations"; args=()
2016-10-05 12:01:00,903 [Thread-2:10384] [Blog.views:15] [ERROR]- [Errno 2] No such file or directory: 'sss.txt'
2016-10-05 12:01:01,126 [Thread-2:10384] [django.server:131] [INFO]- "GET / HTTP/1.1" 200 11044
2016-10-05 12:01:01,496 [Thread-3:3664] [django.template:929] [DEBUG]- Exception while resolving variable 'name' in template 'unknown'.
Traceback (most recent call last):
  File "D:\Programs\Python\Python35\lib\site-packages\django\core\handlers\exception.py", line 39, in inner
    response = get_response(request)
  File "D:\Programs\Python\Python35\lib\site-packages\django\core\handlers\base.py", line 172, in _get_response
    resolver_match = resolver.resolve(request.path_info)
  File "D:\Programs\Python\Python35\lib\site-packages\django\urls\resolvers.py", line 297, in resolve
    raise Resolver404({'tried': tried, 'path': new_path})
django.urls.exceptions.Resolver404: {'tried': [[<RegexURLResolver <RegexURLPattern list> (admin:admin) ^admin/>], [<RegexURLPattern index ^$>]], 'path': 'favicon.ico'}

During handling of the above exception, another exception occurred:

Traceback (most recent call last):
  File "D:\Programs\Python\Python35\lib\site-packages\django\template\base.py", line 885, in _resolve_lookup
    current = current[bit]
TypeError: 'RegexURLResolver' object is not subscriptable

During handling of the above exception, another exception occurred:

Traceback (most recent call last):
  File "D:\Programs\Python\Python35\lib\site-packages\django\template\base.py", line 893, in _resolve_lookup
    current = getattr(current, bit)
AttributeError: 'RegexURLResolver' object has no attribute 'name'

During handling of the above exception, another exception occurred:

Traceback (most recent call last):
  File "D:\Programs\Python\Python35\lib\site-packages\django\template\base.py", line 900, in _resolve_lookup
    current = current[int(bit)]
ValueError: invalid literal for int() with base 10: 'name'

During handling of the above exception, another exception occurred:

Traceback (most recent call last):
  File "D:\Programs\Python\Python35\lib\site-packages\django\template\base.py", line 907, in _resolve_lookup
    (bit, current))  # missing attribute
django.template.base.VariableDoesNotExist: Failed lookup for key [name] in '<RegexURLResolver <RegexURLPattern list> (admin:admin) ^admin/>'
2016-10-05 12:01:01,701 [Thread-3:3664] [django.server:131] [WARNING]- "GET /favicon.ico HTTP/1.1" 404 2051
2016-10-05 13:01:43,782 [Dummy-1:6032] [django.db.backends:90] [DEBUG]- (0.017) 
            SELECT name, type FROM sqlite_master
            WHERE type in ('table', 'view') AND NOT name='sqlite_sequence'
            ORDER BY name; args=None
2016-10-05 13:01:43,818 [Dummy-1:6032] [django.db.backends:90] [DEBUG]- (0.000) SELECT "django_migrations"."app", "django_migrations"."name" FROM "django_migrations"; args=()
2016-10-05 13:01:47,581 [Thread-2:9712] [Blog.views:15] [ERROR]- [Errno 2] No such file or directory: 'sss.txt'
2016-10-05 13:01:47,704 [Thread-2:9712] [django.server:131] [INFO]- "GET / HTTP/1.1" 200 11044
2016-10-05 13:01:47,842 [Thread-3:3820] [django.server:131] [INFO]- "GET /static/css/index.css HTTP/1.1" 200 5003
2016-10-05 13:01:47,843 [Thread-4:2212] [django.server:131] [INFO]- "GET /static/css/style.css HTTP/1.1" 200 6728
2016-10-05 13:01:47,847 [Thread-6:6564] [django.server:131] [INFO]- "GET /static/js/jquery.SuperSlide.2.1.1.js HTTP/1.1" 200 11422
2016-10-05 13:01:47,866 [Thread-5:4676] [django.server:131] [INFO]- "GET /static/js/jquery1.42.min.js HTTP/1.1" 200 72326
2016-10-05 13:01:47,903 [Thread-7:7744] [django.server:131] [INFO]- "GET /static/js/nav.js HTTP/1.1" 200 199
2016-10-05 13:01:47,937 [Thread-8:8936] [django.server:131] [INFO]- "GET /static/images/s.jpg HTTP/1.1" 200 7645
2016-10-05 13:01:47,962 [Thread-14:10524] [django.server:131] [INFO]- "GET /static/images/r_line.jpg HTTP/1.1" 200 1191
2016-10-05 13:01:47,963 [Thread-13:10552] [django.server:131] [INFO]- "GET /static/images/bg.jpg HTTP/1.1" 200 23642
2016-10-05 13:01:47,967 [Thread-9:9432] [django.server:131] [INFO]- "GET /static/images/s1.jpg HTTP/1.1" 200 7886
2016-10-05 13:01:47,969 [Thread-10:10544] [django.server:131] [INFO]- "GET /static/images/s2.jpg HTTP/1.1" 200 5010
2016-10-05 13:01:47,970 [Thread-12:10548] [django.server:131] [INFO]- "GET /static/images/my.jpg HTTP/1.1" 200 15688
2016-10-05 13:01:47,971 [Thread-11:7776] [django.server:131] [INFO]- "GET /static/images/s3.jpg HTTP/1.1" 200 9199
2016-10-05 13:01:47,985 [Thread-16:10580] [django.server:131] [INFO]- "GET /static/images/tx.jpg HTTP/1.1" 200 1319
2016-10-05 13:01:47,988 [Thread-15:10516] [django.server:131] [INFO]- "GET /static/images/tj.png HTTP/1.1" 200 7312
2016-10-05 13:01:47,996 [Thread-17:10488] [django.server:131] [INFO]- "GET /static/images/sj.jpg HTTP/1.1" 200 1640
2016-10-05 13:01:47,997 [Thread-18:10460] [django.server:131] [INFO]- "GET /static/images/qq_bg.png HTTP/1.1" 200 8742
2016-10-05 13:01:48,054 [Thread-19:10480] [django.server:131] [INFO]- "GET /static/images/list.png HTTP/1.1" 200 1652
2016-10-05 13:01:48,114 [Thread-20:10484] [django.template:929] [DEBUG]- Exception while resolving variable 'name' in template 'unknown'.
Traceback (most recent call last):
  File "D:\Programs\Python\Python35\lib\site-packages\django\core\handlers\exception.py", line 39, in inner
    response = get_response(request)
  File "D:\Programs\Python\Python35\lib\site-packages\django\core\handlers\base.py", line 172, in _get_response
    resolver_match = resolver.resolve(request.path_info)
  File "D:\Programs\Python\Python35\lib\site-packages\django\urls\resolvers.py", line 297, in resolve
    raise Resolver404({'tried': tried, 'path': new_path})
django.urls.exceptions.Resolver404: {'tried': [[<RegexURLResolver <RegexURLPattern list> (admin:admin) ^admin/>], [<RegexURLPattern index ^$>], [<RegexURLResolver <module 'Blog.urls' from 'D:\\Django\\sBlog\\Blog\\urls.py'> (None:None) ^blog/$>]], 'path': 'favicon.ico'}

During handling of the above exception, another exception occurred:

Traceback (most recent call last):
  File "D:\Programs\Python\Python35\lib\site-packages\django\template\base.py", line 885, in _resolve_lookup
    current = current[bit]
TypeError: 'RegexURLResolver' object is not subscriptable

During handling of the above exception, another exception occurred:

Traceback (most recent call last):
  File "D:\Programs\Python\Python35\lib\site-packages\django\template\base.py", line 893, in _resolve_lookup
    current = getattr(current, bit)
AttributeError: 'RegexURLResolver' object has no attribute 'name'

During handling of the above exception, another exception occurred:

Traceback (most recent call last):
  File "D:\Programs\Python\Python35\lib\site-packages\django\template\base.py", line 900, in _resolve_lookup
    current = current[int(bit)]
ValueError: invalid literal for int() with base 10: 'name'

During handling of the above exception, another exception occurred:

Traceback (most recent call last):
  File "D:\Programs\Python\Python35\lib\site-packages\django\template\base.py", line 907, in _resolve_lookup
    (bit, current))  # missing attribute
django.template.base.VariableDoesNotExist: Failed lookup for key [name] in '<RegexURLResolver <RegexURLPattern list> (admin:admin) ^admin/>'
2016-10-05 13:01:48,179 [Thread-20:10484] [django.template:929] [DEBUG]- Exception while resolving variable 'name' in template 'unknown'.
Traceback (most recent call last):
  File "D:\Programs\Python\Python35\lib\site-packages\django\core\handlers\exception.py", line 39, in inner
    response = get_response(request)
  File "D:\Programs\Python\Python35\lib\site-packages\django\core\handlers\base.py", line 172, in _get_response
    resolver_match = resolver.resolve(request.path_info)
  File "D:\Programs\Python\Python35\lib\site-packages\django\urls\resolvers.py", line 297, in resolve
    raise Resolver404({'tried': tried, 'path': new_path})
django.urls.exceptions.Resolver404: {'tried': [[<RegexURLResolver <RegexURLPattern list> (admin:admin) ^admin/>], [<RegexURLPattern index ^$>], [<RegexURLResolver <module 'Blog.urls' from 'D:\\Django\\sBlog\\Blog\\urls.py'> (None:None) ^blog/$>]], 'path': 'favicon.ico'}

During handling of the above exception, another exception occurred:

Traceback (most recent call last):
  File "D:\Programs\Python\Python35\lib\site-packages\django\template\base.py", line 885, in _resolve_lookup
    current = current[bit]
TypeError: 'RegexURLResolver' object is not subscriptable

During handling of the above exception, another exception occurred:

Traceback (most recent call last):
  File "D:\Programs\Python\Python35\lib\site-packages\django\template\base.py", line 893, in _resolve_lookup
    current = getattr(current, bit)
AttributeError: 'RegexURLResolver' object has no attribute 'name'

During handling of the above exception, another exception occurred:

Traceback (most recent call last):
  File "D:\Programs\Python\Python35\lib\site-packages\django\template\base.py", line 900, in _resolve_lookup
    current = current[int(bit)]
ValueError: invalid literal for int() with base 10: 'name'

During handling of the above exception, another exception occurred:

Traceback (most recent call last):
  File "D:\Programs\Python\Python35\lib\site-packages\django\template\base.py", line 907, in _resolve_lookup
    (bit, current))  # missing attribute
django.template.base.VariableDoesNotExist: Failed lookup for key [name] in "<RegexURLResolver <module 'Blog.urls' from 'D:\\\\Django\\\\sBlog\\\\Blog\\\\urls.py'> (None:None) ^blog/$>"
2016-10-05 13:01:48,182 [Thread-20:10484] [django.server:131] [WARNING]- "GET /favicon.ico HTTP/1.1" 404 2158
2016-10-05 13:04:11,523 [Thread-21:9052] [django.server:131] [INFO]- "GET /blog HTTP/1.1" 301 0
2016-10-05 13:04:11,531 [Thread-24:1552] [Blog.views:15] [ERROR]- [Errno 2] No such file or directory: 'sss.txt'
2016-10-05 13:04:11,541 [Thread-24:1552] [django.server:131] [INFO]- "GET /blog/ HTTP/1.1" 200 11044
2016-10-05 13:10:45,125 [Thread-28:11116] [django.server:131] [INFO]- "GET /admin HTTP/1.1" 301 0
2016-10-05 13:10:45,370 [Thread-27:10512] [django.server:131] [INFO]- "GET /admin/ HTTP/1.1" 302 0
2016-10-05 13:10:45,829 [Thread-32:528] [django.template:929] [DEBUG]- Exception while resolving variable 'is_popup' in template 'admin/login.html'.
Traceback (most recent call last):
  File "D:\Programs\Python\Python35\lib\site-packages\django\template\base.py", line 885, in _resolve_lookup
    current = current[bit]
  File "D:\Programs\Python\Python35\lib\site-packages\django\template\context.py", line 75, in __getitem__
    raise KeyError(key)
KeyError: 'is_popup'

During handling of the above exception, another exception occurred:

Traceback (most recent call last):
  File "D:\Programs\Python\Python35\lib\site-packages\django\template\base.py", line 891, in _resolve_lookup
    if isinstance(current, BaseContext) and getattr(type(current), bit):
AttributeError: type object 'RequestContext' has no attribute 'is_popup'

During handling of the above exception, another exception occurred:

Traceback (most recent call last):
  File "D:\Programs\Python\Python35\lib\site-packages\django\template\base.py", line 900, in _resolve_lookup
    current = current[int(bit)]
ValueError: invalid literal for int() with base 10: 'is_popup'

During handling of the above exception, another exception occurred:

Traceback (most recent call last):
  File "D:\Programs\Python\Python35\lib\site-packages\django\template\base.py", line 907, in _resolve_lookup
    (bit, current))  # missing attribute
django.template.base.VariableDoesNotExist: Failed lookup for key [is_popup] in '[{\'None\': None, \'False\': False, \'True\': True}, {\'messages\': <django.contrib.messages.storage.fallback.FallbackStorage object at 0x0000013FBE44C128>, \'request\': <WSGIRequest: GET \'/admin/login/?next=/admin/\'>, \'user\': <SimpleLazyObject: <django.contrib.auth.models.AnonymousUser object at 0x0000013FBE44CA90>>, \'SITE_NAME\': "Stellari\'s BLOG", \'SITE_DESC\': \'Stellari\', \'csrf_token\': <SimpleLazyObject: <function csrf.<locals>._get_val at 0x0000013FBE4767B8>>, \'perms\': <django.contrib.auth.context_processors.PermWrapper object at 0x0000013FBE492BE0>, \'DEFAULT_MESSAGE_LEVELS\': {\'INFO\': 20, \'ERROR\': 40, \'WARNING\': 30, \'DEBUG\': 10, \'SUCCESS\': 25}}, {}, {\'site\': <django.contrib.sites.requests.RequestSite object at 0x0000013FBE44C748>, \'app_path\': \'/admin/login/?next=/admin/\', \'LANGUAGE_BIDI\': False, \'site_url\': \'/\', \'next\': \'/admin/\', \'available_apps\': [], \'username\': \'\', \'form\': <AdminAuthenticationForm bound=False, valid=Unknown, fields=(username;password)>, \'has_permission\': False, \'site_header\': <django.utils.functional.lazy.<locals>.__proxy__ object at 0x0000013FBD86FEF0>, \'site_title\': <django.utils.functional.lazy.<locals>.__proxy__ object at 0x0000013FBD86FE48>, \'site_name\': \'127.0.0.1:8000\', \'title\': \'Log in\', \'LANGUAGE_CODE\': \'en-us\'}]'
2016-10-05 13:10:46,091 [Thread-32:528] [django.template:929] [DEBUG]- Exception while resolving variable 'is_popup' in template 'admin/login.html'.
Traceback (most recent call last):
  File "D:\Programs\Python\Python35\lib\site-packages\django\template\base.py", line 885, in _resolve_lookup
    current = current[bit]
  File "D:\Programs\Python\Python35\lib\site-packages\django\template\context.py", line 75, in __getitem__
    raise KeyError(key)
KeyError: 'is_popup'

During handling of the above exception, another exception occurred:

Traceback (most recent call last):
  File "D:\Programs\Python\Python35\lib\site-packages\django\template\base.py", line 891, in _resolve_lookup
    if isinstance(current, BaseContext) and getattr(type(current), bit):
AttributeError: type object 'RequestContext' has no attribute 'is_popup'

During handling of the above exception, another exception occurred:

Traceback (most recent call last):
  File "D:\Programs\Python\Python35\lib\site-packages\django\template\base.py", line 900, in _resolve_lookup
    current = current[int(bit)]
ValueError: invalid literal for int() with base 10: 'is_popup'

During handling of the above exception, another exception occurred:

Traceback (most recent call last):
  File "D:\Programs\Python\Python35\lib\site-packages\django\template\base.py", line 907, in _resolve_lookup
    (bit, current))  # missing attribute
django.template.base.VariableDoesNotExist: Failed lookup for key [is_popup] in '[{\'None\': None, \'False\': False, \'True\': True}, {\'messages\': <django.contrib.messages.storage.fallback.FallbackStorage object at 0x0000013FBE44C128>, \'request\': <WSGIRequest: GET \'/admin/login/?next=/admin/\'>, \'user\': <SimpleLazyObject: <django.contrib.auth.models.AnonymousUser object at 0x0000013FBE44CA90>>, \'SITE_NAME\': "Stellari\'s BLOG", \'SITE_DESC\': \'Stellari\', \'csrf_token\': <SimpleLazyObject: <function csrf.<locals>._get_val at 0x0000013FBE4767B8>>, \'perms\': <django.contrib.auth.context_processors.PermWrapper object at 0x0000013FBE492BE0>, \'DEFAULT_MESSAGE_LEVELS\': {\'INFO\': 20, \'ERROR\': 40, \'WARNING\': 30, \'DEBUG\': 10, \'SUCCESS\': 25}}, {}, {\'site\': <django.contrib.sites.requests.RequestSite object at 0x0000013FBE44C748>, \'app_path\': \'/admin/login/?next=/admin/\', \'LANGUAGE_BIDI\': False, \'site_url\': \'/\', \'next\': \'/admin/\', \'available_apps\': [], \'username\': \'\', \'form\': <AdminAuthenticationForm bound=False, valid=Unknown, fields=(username;password)>, \'has_permission\': False, \'site_header\': <django.utils.functional.lazy.<locals>.__proxy__ object at 0x0000013FBD86FEF0>, \'site_title\': <django.utils.functional.lazy.<locals>.__proxy__ object at 0x0000013FBD86FE48>, \'site_name\': \'127.0.0.1:8000\', \'title\': \'Log in\', \'LANGUAGE_CODE\': \'en-us\'}]'
2016-10-05 13:10:46,106 [Thread-32:528] [django.server:131] [INFO]- "GET /admin/login/?next=/admin/ HTTP/1.1" 200 1657
2016-10-05 13:10:46,239 [Thread-31:10572] [django.server:131] [INFO]- "GET /static/admin/css/base.css HTTP/1.1" 200 15937
2016-10-05 13:10:46,239 [Thread-30:8068] [django.server:131] [INFO]- "GET /static/admin/css/login.css HTTP/1.1" 200 1203
2016-10-05 13:10:46,277 [Thread-29:6564] [django.server:131] [INFO]- "GET /static/admin/css/fonts.css HTTP/1.1" 200 423
2016-10-05 13:10:46,544 [Thread-33:3884] [django.server:131] [INFO]- "GET /static/admin/fonts/Roboto-Regular-webfont.woff HTTP/1.1" 200 80304
2016-10-05 13:10:46,590 [Thread-34:10516] [django.server:131] [INFO]- "GET /static/admin/fonts/Roboto-Light-webfont.woff HTTP/1.1" 200 81348
2016-10-05 13:10:53,187 [Thread-35:9580] [django.db.backends:90] [DEBUG]- (0.001) SELECT "Blog_user"."id", "Blog_user"."password", "Blog_user"."last_login", "Blog_user"."is_superuser", "Blog_user"."username", "Blog_user"."first_name", "Blog_user"."last_name", "Blog_user"."email", "Blog_user"."is_staff", "Blog_user"."is_active", "Blog_user"."date_joined", "Blog_user"."avatar", "Blog_user"."qq", "Blog_user"."mobile" FROM "Blog_user" WHERE "Blog_user"."username" = 'admin'; args=('admin',)
2016-10-05 13:10:53,288 [Thread-35:9580] [django.db.backends:90] [DEBUG]- (0.001) SELECT (1) AS "a" FROM "django_session" WHERE "django_session"."session_key" = 'cstpevxh2rjsl9zuziiv1dxzttef0sqi' LIMIT 1; args=('cstpevxh2rjsl9zuziiv1dxzttef0sqi',)
2016-10-05 13:10:53,289 [Thread-35:9580] [django.db.backends:90] [DEBUG]- (0.000) BEGIN; args=None
2016-10-05 13:10:53,294 [Thread-35:9580] [django.db.backends:90] [DEBUG]- (0.004) INSERT INTO "django_session" ("session_key", "session_data", "expire_date") SELECT 'cstpevxh2rjsl9zuziiv1dxzttef0sqi', 'ZTUxMmRlYjdkMDRjNDAxZTQzM2NlZGU0OGZmYzliN2QzNGQ1MjYzOTp7fQ==', '2016-10-19 05:10:53.289007'; args=('cstpevxh2rjsl9zuziiv1dxzttef0sqi', 'ZTUxMmRlYjdkMDRjNDAxZTQzM2NlZGU0OGZmYzliN2QzNGQ1MjYzOTp7fQ==', '2016-10-19 05:10:53.289007')
2016-10-05 13:10:53,404 [Thread-35:9580] [django.db.backends:90] [DEBUG]- (0.000) BEGIN; args=None
2016-10-05 13:10:53,408 [Thread-35:9580] [django.db.backends:90] [DEBUG]- (0.002) UPDATE "Blog_user" SET "last_login" = '2016-10-05 05:10:53.404496' WHERE "Blog_user"."id" = 1; args=('2016-10-05 05:10:53.404496', 1)
2016-10-05 13:10:53,504 [Thread-35:9580] [django.db.backends:90] [DEBUG]- (0.000) BEGIN; args=None
2016-10-05 13:10:53,508 [Thread-35:9580] [django.db.backends:90] [DEBUG]- (0.001) UPDATE "django_session" SET "session_data" = 'MzlkNGRhNzgwMTdhM2FiMGQ4M2RiNWFhNzkxOTA5NDg2MTAwYzQ4ODp7Il9hdXRoX3VzZXJfYmFja2VuZCI6ImRqYW5nby5jb250cmliLmF1dGguYmFja2VuZHMuTW9kZWxCYWNrZW5kIiwiX2F1dGhfdXNlcl9pZCI6IjEiLCJfYXV0aF91c2VyX2hhc2giOiJkNWRmYTZmN2MxYmU2YTczYjI2OTYzOTgxZjBjMGFhMDI0ODY1YWNkIn0=', "expire_date" = '2016-10-19 05:10:53.504063' WHERE "django_session"."session_key" = 'cstpevxh2rjsl9zuziiv1dxzttef0sqi'; args=('MzlkNGRhNzgwMTdhM2FiMGQ4M2RiNWFhNzkxOTA5NDg2MTAwYzQ4ODp7Il9hdXRoX3VzZXJfYmFja2VuZCI6ImRqYW5nby5jb250cmliLmF1dGguYmFja2VuZHMuTW9kZWxCYWNrZW5kIiwiX2F1dGhfdXNlcl9pZCI6IjEiLCJfYXV0aF91c2VyX2hhc2giOiJkNWRmYTZmN2MxYmU2YTczYjI2OTYzOTgxZjBjMGFhMDI0ODY1YWNkIn0=', '2016-10-19 05:10:53.504063', 'cstpevxh2rjsl9zuziiv1dxzttef0sqi')
2016-10-05 13:10:53,609 [Thread-35:9580] [django.server:131] [INFO]- "POST /admin/login/?next=/admin/ HTTP/1.1" 302 0
2016-10-05 13:10:53,615 [Thread-36:9428] [django.db.backends:90] [DEBUG]- (0.001) SELECT "django_session"."session_key", "django_session"."session_data", "django_session"."expire_date" FROM "django_session" WHERE ("django_session"."session_key" = 'cstpevxh2rjsl9zuziiv1dxzttef0sqi' AND "django_session"."expire_date" > '2016-10-05 05:10:53.612616'); args=('cstpevxh2rjsl9zuziiv1dxzttef0sqi', '2016-10-05 05:10:53.612616')
2016-10-05 13:10:53,620 [Thread-36:9428] [django.db.backends:90] [DEBUG]- (0.000) SELECT "Blog_user"."id", "Blog_user"."password", "Blog_user"."last_login", "Blog_user"."is_superuser", "Blog_user"."username", "Blog_user"."first_name", "Blog_user"."last_name", "Blog_user"."email", "Blog_user"."is_staff", "Blog_user"."is_active", "Blog_user"."date_joined", "Blog_user"."avatar", "Blog_user"."qq", "Blog_user"."mobile" FROM "Blog_user" WHERE "Blog_user"."id" = 1; args=(1,)
2016-10-05 13:10:53,674 [Thread-36:9428] [django.template:929] [DEBUG]- Exception while resolving variable 'is_popup' in template 'admin/index.html'.
Traceback (most recent call last):
  File "D:\Programs\Python\Python35\lib\site-packages\django\template\base.py", line 885, in _resolve_lookup
    current = current[bit]
  File "D:\Programs\Python\Python35\lib\site-packages\django\template\context.py", line 75, in __getitem__
    raise KeyError(key)
KeyError: 'is_popup'

During handling of the above exception, another exception occurred:

Traceback (most recent call last):
  File "D:\Programs\Python\Python35\lib\site-packages\django\template\base.py", line 891, in _resolve_lookup
    if isinstance(current, BaseContext) and getattr(type(current), bit):
AttributeError: type object 'RequestContext' has no attribute 'is_popup'

During handling of the above exception, another exception occurred:

Traceback (most recent call last):
  File "D:\Programs\Python\Python35\lib\site-packages\django\template\base.py", line 900, in _resolve_lookup
    current = current[int(bit)]
ValueError: invalid literal for int() with base 10: 'is_popup'

During handling of the above exception, another exception occurred:

Traceback (most recent call last):
  File "D:\Programs\Python\Python35\lib\site-packages\django\template\base.py", line 907, in _resolve_lookup
    (bit, current))  # missing attribute
django.template.base.VariableDoesNotExist: Failed lookup for key [is_popup] in '[{\'None\': None, \'False\': False, \'True\': True}, {\'messages\': <django.contrib.messages.storage.fallback.FallbackStorage object at 0x0000013FBE4B1748>, \'request\': <WSGIRequest: GET \'/admin/\'>, \'user\': <SimpleLazyObject: <User: admin>>, \'SITE_NAME\': "Stellari\'s BLOG", \'SITE_DESC\': \'Stellari\', \'csrf_token\': <SimpleLazyObject: <function csrf.<locals>._get_val at 0x0000013FBE4CCEA0>>, \'perms\': <django.contrib.auth.context_processors.PermWrapper object at 0x0000013FBE4A8D68>, \'DEFAULT_MESSAGE_LEVELS\': {\'INFO\': 20, \'ERROR\': 40, \'WARNING\': 30, \'DEBUG\': 10, \'SUCCESS\': 25}}, {}, {\'available_apps\': [{\'app_url\': \'/admin/auth/\', \'app_label\': \'auth\', \'models\': [{\'perms\': {\'delete\': True, \'change\': True, \'add\': True}, \'admin_url\': \'/admin/auth/group/\', \'object_name\': \'Group\', \'add_url\': \'/admin/auth/group/add/\', \'name\': <django.utils.functional.lazy.<locals>.__proxy__ object at 0x0000013FBE44C0F0>}], \'has_module_perms\': True, \'name\': <django.utils.functional.lazy.<locals>.__proxy__ object at 0x0000013FBD882BE0>}], \'has_permission\': True, \'LANGUAGE_BIDI\': False, \'app_list\': [{\'app_url\': \'/admin/auth/\', \'app_label\': \'auth\', \'models\': [{\'perms\': {\'delete\': True, \'change\': True, \'add\': True}, \'admin_url\': \'/admin/auth/group/\', \'object_name\': \'Group\', \'add_url\': \'/admin/auth/group/add/\', \'name\': <django.utils.functional.lazy.<locals>.__proxy__ object at 0x0000013FBE44C240>}], \'has_module_perms\': True, \'name\': <django.utils.functional.lazy.<locals>.__proxy__ object at 0x0000013FBD882BE0>}], \'site_url\': \'/\', \'site_title\': <django.utils.functional.lazy.<locals>.__proxy__ object at 0x0000013FBD86FE48>, \'title\': <django.utils.functional.lazy.<locals>.__proxy__ object at 0x0000013FBD882080>, \'LANGUAGE_CODE\': \'en-us\', \'site_header\': <django.utils.functional.lazy.<locals>.__proxy__ object at 0x0000013FBD86FEF0>}]'
2016-10-05 13:10:53,676 [Thread-36:9428] [django.template:929] [DEBUG]- Exception while resolving variable 'is_popup' in template 'admin/index.html'.
Traceback (most recent call last):
  File "D:\Programs\Python\Python35\lib\site-packages\django\template\base.py", line 885, in _resolve_lookup
    current = current[bit]
  File "D:\Programs\Python\Python35\lib\site-packages\django\template\context.py", line 75, in __getitem__
    raise KeyError(key)
KeyError: 'is_popup'

During handling of the above exception, another exception occurred:

Traceback (most recent call last):
  File "D:\Programs\Python\Python35\lib\site-packages\django\template\base.py", line 891, in _resolve_lookup
    if isinstance(current, BaseContext) and getattr(type(current), bit):
AttributeError: type object 'RequestContext' has no attribute 'is_popup'

During handling of the above exception, another exception occurred:

Traceback (most recent call last):
  File "D:\Programs\Python\Python35\lib\site-packages\django\template\base.py", line 900, in _resolve_lookup
    current = current[int(bit)]
ValueError: invalid literal for int() with base 10: 'is_popup'

During handling of the above exception, another exception occurred:

Traceback (most recent call last):
  File "D:\Programs\Python\Python35\lib\site-packages\django\template\base.py", line 907, in _resolve_lookup
    (bit, current))  # missing attribute
django.template.base.VariableDoesNotExist: Failed lookup for key [is_popup] in '[{\'None\': None, \'False\': False, \'True\': True}, {\'messages\': <django.contrib.messages.storage.fallback.FallbackStorage object at 0x0000013FBE4B1748>, \'request\': <WSGIRequest: GET \'/admin/\'>, \'user\': <SimpleLazyObject: <User: admin>>, \'SITE_NAME\': "Stellari\'s BLOG", \'SITE_DESC\': \'Stellari\', \'csrf_token\': <SimpleLazyObject: <function csrf.<locals>._get_val at 0x0000013FBE4CCEA0>>, \'perms\': <django.contrib.auth.context_processors.PermWrapper object at 0x0000013FBE4A8D68>, \'DEFAULT_MESSAGE_LEVELS\': {\'INFO\': 20, \'ERROR\': 40, \'WARNING\': 30, \'DEBUG\': 10, \'SUCCESS\': 25}}, {}, {\'available_apps\': [{\'app_url\': \'/admin/auth/\', \'app_label\': \'auth\', \'models\': [{\'perms\': {\'delete\': True, \'change\': True, \'add\': True}, \'admin_url\': \'/admin/auth/group/\', \'object_name\': \'Group\', \'add_url\': \'/admin/auth/group/add/\', \'name\': <django.utils.functional.lazy.<locals>.__proxy__ object at 0x0000013FBE44C0F0>}], \'has_module_perms\': True, \'name\': <django.utils.functional.lazy.<locals>.__proxy__ object at 0x0000013FBD882BE0>}], \'has_permission\': True, \'LANGUAGE_BIDI\': False, \'app_list\': [{\'app_url\': \'/admin/auth/\', \'app_label\': \'auth\', \'models\': [{\'perms\': {\'delete\': True, \'change\': True, \'add\': True}, \'admin_url\': \'/admin/auth/group/\', \'object_name\': \'Group\', \'add_url\': \'/admin/auth/group/add/\', \'name\': <django.utils.functional.lazy.<locals>.__proxy__ object at 0x0000013FBE44C240>}], \'has_module_perms\': True, \'name\': <django.utils.functional.lazy.<locals>.__proxy__ object at 0x0000013FBD882BE0>}], \'site_url\': \'/\', \'site_title\': <django.utils.functional.lazy.<locals>.__proxy__ object at 0x0000013FBD86FE48>, \'title\': <django.utils.functional.lazy.<locals>.__proxy__ object at 0x0000013FBD882080>, \'LANGUAGE_CODE\': \'en-us\', \'site_header\': <django.utils.functional.lazy.<locals>.__proxy__ object at 0x0000013FBD86FEF0>}]'
2016-10-05 13:10:53,685 [Thread-36:9428] [django.db.backends:90] [DEBUG]- (0.001) SELECT "django_admin_log"."id", "django_admin_log"."action_time", "django_admin_log"."user_id", "django_admin_log"."content_type_id", "django_admin_log"."object_id", "django_admin_log"."object_repr", "django_admin_log"."action_flag", "django_admin_log"."change_message", "Blog_user"."id", "Blog_user"."password", "Blog_user"."last_login", "Blog_user"."is_superuser", "Blog_user"."username", "Blog_user"."first_name", "Blog_user"."last_name", "Blog_user"."email", "Blog_user"."is_staff", "Blog_user"."is_active", "Blog_user"."date_joined", "Blog_user"."avatar", "Blog_user"."qq", "Blog_user"."mobile", "django_content_type"."id", "django_content_type"."app_label", "django_content_type"."model" FROM "django_admin_log" INNER JOIN "Blog_user" ON ("django_admin_log"."user_id" = "Blog_user"."id") LEFT OUTER JOIN "django_content_type" ON ("django_admin_log"."content_type_id" = "django_content_type"."id") WHERE "django_admin_log"."user_id" = 1 ORDER BY "django_admin_log"."action_time" DESC LIMIT 10; args=(1,)
2016-10-05 13:10:53,686 [Thread-36:9428] [django.server:131] [INFO]- "GET /admin/ HTTP/1.1" 200 2401
2016-10-05 13:10:53,712 [Thread-37:11180] [django.server:131] [INFO]- "GET /static/admin/css/dashboard.css HTTP/1.1" 200 434
2016-10-05 13:10:53,726 [Thread-40:4584] [django.server:131] [INFO]- "GET /static/admin/img/icon-changelink.svg HTTP/1.1" 200 380
2016-10-05 13:10:53,726 [Thread-39:4588] [django.server:131] [INFO]- "GET /static/admin/img/icon-addlink.svg HTTP/1.1" 200 331
2016-10-05 13:10:53,745 [Thread-38:4560] [django.server:131] [INFO]- "GET /static/admin/fonts/Roboto-Bold-webfont.woff HTTP/1.1" 200 82564
2016-10-05 13:18:54,671 [Dummy-1:10004] [django.db.backends:90] [DEBUG]- (0.001) 
            SELECT name, type FROM sqlite_master
            WHERE type in ('table', 'view') AND NOT name='sqlite_sequence'
            ORDER BY name; args=None
2016-10-05 13:18:54,677 [Dummy-1:10004] [django.db.backends:90] [DEBUG]- (0.000) SELECT "django_migrations"."app", "django_migrations"."name" FROM "django_migrations"; args=()
2016-10-05 13:19:19,228 [Dummy-1:1052] [django.db.backends:90] [DEBUG]- (0.004) 
            SELECT name, type FROM sqlite_master
            WHERE type in ('table', 'view') AND NOT name='sqlite_sequence'
            ORDER BY name; args=None
2016-10-05 13:19:19,236 [Dummy-1:1052] [django.db.backends:90] [DEBUG]- (0.000) SELECT "django_migrations"."app", "django_migrations"."name" FROM "django_migrations"; args=()
2016-10-05 13:19:30,852 [Thread-2:1076] [django.db.backends:90] [DEBUG]- (0.002) SELECT "django_session"."session_key", "django_session"."session_data", "django_session"."expire_date" FROM "django_session" WHERE ("django_session"."expire_date" > '2016-10-05 05:19:30.848512' AND "django_session"."session_key" = 'cstpevxh2rjsl9zuziiv1dxzttef0sqi'); args=('2016-10-05 05:19:30.848512', 'cstpevxh2rjsl9zuziiv1dxzttef0sqi')
2016-10-05 13:19:30,857 [Thread-2:1076] [django.db.backends:90] [DEBUG]- (0.001) SELECT "Blog_user"."id", "Blog_user"."password", "Blog_user"."last_login", "Blog_user"."is_superuser", "Blog_user"."username", "Blog_user"."first_name", "Blog_user"."last_name", "Blog_user"."email", "Blog_user"."is_staff", "Blog_user"."is_active", "Blog_user"."date_joined", "Blog_user"."avatar", "Blog_user"."qq", "Blog_user"."mobile" FROM "Blog_user" WHERE "Blog_user"."id" = 1; args=(1,)
2016-10-05 13:19:30,904 [Thread-2:1076] [django.template:929] [DEBUG]- Exception while resolving variable 'is_popup' in template 'admin/index.html'.
Traceback (most recent call last):
  File "D:\Programs\Python\Python35\lib\site-packages\django\template\base.py", line 885, in _resolve_lookup
    current = current[bit]
  File "D:\Programs\Python\Python35\lib\site-packages\django\template\context.py", line 75, in __getitem__
    raise KeyError(key)
KeyError: 'is_popup'

During handling of the above exception, another exception occurred:

Traceback (most recent call last):
  File "D:\Programs\Python\Python35\lib\site-packages\django\template\base.py", line 891, in _resolve_lookup
    if isinstance(current, BaseContext) and getattr(type(current), bit):
AttributeError: type object 'RequestContext' has no attribute 'is_popup'

During handling of the above exception, another exception occurred:

Traceback (most recent call last):
  File "D:\Programs\Python\Python35\lib\site-packages\django\template\base.py", line 900, in _resolve_lookup
    current = current[int(bit)]
ValueError: invalid literal for int() with base 10: 'is_popup'

During handling of the above exception, another exception occurred:

Traceback (most recent call last):
  File "D:\Programs\Python\Python35\lib\site-packages\django\template\base.py", line 907, in _resolve_lookup
    (bit, current))  # missing attribute
django.template.base.VariableDoesNotExist: Failed lookup for key [is_popup] in '[{\'True\': True, \'False\': False, \'None\': None}, {\'csrf_token\': <SimpleLazyObject: <function csrf.<locals>._get_val at 0x000002467966DF28>>, \'SITE_NAME\': "Stellari\'s BLOG", \'user\': <SimpleLazyObject: <User: admin>>, \'messages\': <django.contrib.messages.storage.fallback.FallbackStorage object at 0x00000246795EF1D0>, \'request\': <WSGIRequest: GET \'/admin/\'>, \'perms\': <django.contrib.auth.context_processors.PermWrapper object at 0x00000246796B7470>, \'DEFAULT_MESSAGE_LEVELS\': {\'DEBUG\': 10, \'SUCCESS\': 25, \'ERROR\': 40, \'INFO\': 20, \'WARNING\': 30}, \'SITE_DESC\': \'Stellari\'}, {}, {\'app_list\': [{\'models\': [{\'name\': <django.utils.functional.lazy.<locals>.__proxy__ object at 0x000002467966F978>, \'add_url\': \'/admin/auth/group/add/\', \'perms\': {\'add\': True, \'delete\': True, \'change\': True}, \'object_name\': \'Group\', \'admin_url\': \'/admin/auth/group/\'}], \'name\': <django.utils.functional.lazy.<locals>.__proxy__ object at 0x0000024678AC2BE0>, \'has_module_perms\': True, \'app_label\': \'auth\', \'app_url\': \'/admin/auth/\'}], \'LANGUAGE_CODE\': \'zh-Hans\', \'title\': <django.utils.functional.lazy.<locals>.__proxy__ object at 0x0000024678AC2080>, \'site_header\': <django.utils.functional.lazy.<locals>.__proxy__ object at 0x0000024678AAFEF0>, \'site_url\': \'/\', \'site_title\': <django.utils.functional.lazy.<locals>.__proxy__ object at 0x0000024678AAFE48>, \'LANGUAGE_BIDI\': False, \'has_permission\': True, \'available_apps\': [{\'models\': [{\'name\': <django.utils.functional.lazy.<locals>.__proxy__ object at 0x000002467966F3C8>, \'add_url\': \'/admin/auth/group/add/\', \'perms\': {\'add\': True, \'delete\': True, \'change\': True}, \'object_name\': \'Group\', \'admin_url\': \'/admin/auth/group/\'}], \'name\': <django.utils.functional.lazy.<locals>.__proxy__ object at 0x0000024678AC2BE0>, \'has_module_perms\': True, \'app_label\': \'auth\', \'app_url\': \'/admin/auth/\'}]}]'
2016-10-05 13:19:30,926 [Thread-2:1076] [django.template:929] [DEBUG]- Exception while resolving variable 'is_popup' in template 'admin/index.html'.
Traceback (most recent call last):
  File "D:\Programs\Python\Python35\lib\site-packages\django\template\base.py", line 885, in _resolve_lookup
    current = current[bit]
  File "D:\Programs\Python\Python35\lib\site-packages\django\template\context.py", line 75, in __getitem__
    raise KeyError(key)
KeyError: 'is_popup'

During handling of the above exception, another exception occurred:

Traceback (most recent call last):
  File "D:\Programs\Python\Python35\lib\site-packages\django\template\base.py", line 891, in _resolve_lookup
    if isinstance(current, BaseContext) and getattr(type(current), bit):
AttributeError: type object 'RequestContext' has no attribute 'is_popup'

During handling of the above exception, another exception occurred:

Traceback (most recent call last):
  File "D:\Programs\Python\Python35\lib\site-packages\django\template\base.py", line 900, in _resolve_lookup
    current = current[int(bit)]
ValueError: invalid literal for int() with base 10: 'is_popup'

During handling of the above exception, another exception occurred:

Traceback (most recent call last):
  File "D:\Programs\Python\Python35\lib\site-packages\django\template\base.py", line 907, in _resolve_lookup
    (bit, current))  # missing attribute
django.template.base.VariableDoesNotExist: Failed lookup for key [is_popup] in '[{\'True\': True, \'False\': False, \'None\': None}, {\'csrf_token\': <SimpleLazyObject: <function csrf.<locals>._get_val at 0x000002467966DF28>>, \'SITE_NAME\': "Stellari\'s BLOG", \'user\': <SimpleLazyObject: <User: admin>>, \'messages\': <django.contrib.messages.storage.fallback.FallbackStorage object at 0x00000246795EF1D0>, \'request\': <WSGIRequest: GET \'/admin/\'>, \'perms\': <django.contrib.auth.context_processors.PermWrapper object at 0x00000246796B7470>, \'DEFAULT_MESSAGE_LEVELS\': {\'DEBUG\': 10, \'SUCCESS\': 25, \'ERROR\': 40, \'INFO\': 20, \'WARNING\': 30}, \'SITE_DESC\': \'Stellari\'}, {}, {\'app_list\': [{\'models\': [{\'name\': <django.utils.functional.lazy.<locals>.__proxy__ object at 0x000002467966F978>, \'add_url\': \'/admin/auth/group/add/\', \'perms\': {\'add\': True, \'delete\': True, \'change\': True}, \'object_name\': \'Group\', \'admin_url\': \'/admin/auth/group/\'}], \'name\': <django.utils.functional.lazy.<locals>.__proxy__ object at 0x0000024678AC2BE0>, \'has_module_perms\': True, \'app_label\': \'auth\', \'app_url\': \'/admin/auth/\'}], \'LANGUAGE_CODE\': \'zh-Hans\', \'title\': <django.utils.functional.lazy.<locals>.__proxy__ object at 0x0000024678AC2080>, \'site_header\': <django.utils.functional.lazy.<locals>.__proxy__ object at 0x0000024678AAFEF0>, \'site_url\': \'/\', \'site_title\': <django.utils.functional.lazy.<locals>.__proxy__ object at 0x0000024678AAFE48>, \'LANGUAGE_BIDI\': False, \'has_permission\': True, \'available_apps\': [{\'models\': [{\'name\': <django.utils.functional.lazy.<locals>.__proxy__ object at 0x000002467966F3C8>, \'add_url\': \'/admin/auth/group/add/\', \'perms\': {\'add\': True, \'delete\': True, \'change\': True}, \'object_name\': \'Group\', \'admin_url\': \'/admin/auth/group/\'}], \'name\': <django.utils.functional.lazy.<locals>.__proxy__ object at 0x0000024678AC2BE0>, \'has_module_perms\': True, \'app_label\': \'auth\', \'app_url\': \'/admin/auth/\'}]}]'
2016-10-05 13:19:30,938 [Thread-2:1076] [django.db.backends:90] [DEBUG]- (0.002) SELECT "django_admin_log"."id", "django_admin_log"."action_time", "django_admin_log"."user_id", "django_admin_log"."content_type_id", "django_admin_log"."object_id", "django_admin_log"."object_repr", "django_admin_log"."action_flag", "django_admin_log"."change_message", "Blog_user"."id", "Blog_user"."password", "Blog_user"."last_login", "Blog_user"."is_superuser", "Blog_user"."username", "Blog_user"."first_name", "Blog_user"."last_name", "Blog_user"."email", "Blog_user"."is_staff", "Blog_user"."is_active", "Blog_user"."date_joined", "Blog_user"."avatar", "Blog_user"."qq", "Blog_user"."mobile", "django_content_type"."id", "django_content_type"."app_label", "django_content_type"."model" FROM "django_admin_log" INNER JOIN "Blog_user" ON ("django_admin_log"."user_id" = "Blog_user"."id") LEFT OUTER JOIN "django_content_type" ON ("django_admin_log"."content_type_id" = "django_content_type"."id") WHERE "django_admin_log"."user_id" = 1 ORDER BY "django_admin_log"."action_time" DESC LIMIT 10; args=(1,)
2016-10-05 13:19:30,941 [Thread-2:1076] [django.server:131] [INFO]- "GET /admin/ HTTP/1.1" 200 2353
